Using pre-set license
Built from '2020.2/staging' branch; Version is '2020.2.7f1 (c53830e277f1) revision 12924976'; Using compiler version '192528614'; Build Type 'Release'
OS: 'Windows 10 Home; OS build 19041.928; Version 2004; 64bit' Language: 'es' Physical Memory: 8143 MB
BatchMode: 1, IsHumanControllingUs: 0, StartBugReporterOnCrash: 0, Is64bit: 1, IsPro: 0

 COMMAND LINE ARGUMENTS:
C:\Program Files\Unity\Hub\Editor\2020.2.7f1\Editor\Unity.exe
-adb2
-batchMode
-noUpm
-name
AssetImportWorker5
-projectPath
C:/Users/halva/Desktop/ALVARO/TFG/TFGProjectURP
-logFile
Logs/AssetImportWorker5.log
-srvPort
60299
Successfully changed project path to: C:/Users/halva/Desktop/ALVARO/TFG/TFGProjectURP
C:/Users/halva/Desktop/ALVARO/TFG/TFGProjectURP
Using Asset Import Pipeline V2.
Refreshing native plugins compatible for Editor in 74.71 ms, found 1 plugins.
Preloading 0 native plugins for Editor in 0.00 ms.
Initialize engine version: 2020.2.7f1 (c53830e277f1)
[Subsystems] Discovering subsystems at path C:/Program Files/Unity/Hub/Editor/2020.2.7f1/Editor/Data/Resources/UnitySubsystems
[Subsystems] Discovering subsystems at path C:/Users/halva/Desktop/ALVARO/TFG/TFGProjectURP/Assets
GfxDevice: creating device client; threaded=0
Direct3D:
    Version:  Direct3D 11.0 [level 11.1]
    Renderer: NVIDIA GeForce GTX 1060 6GB (ID=0x1c03)
    Vendor:   
    VRAM:     6052 MB
    Driver:   27.21.14.5671
Initialize mono
Mono path[0] = 'C:/Program Files/Unity/Hub/Editor/2020.2.7f1/Editor/Data/Managed'
Mono path[1] = 'C:/Program Files/Unity/Hub/Editor/2020.2.7f1/Editor/Data/MonoBleedingEdge/lib/mono/unityjit'
Mono config path = 'C:/Program Files/Unity/Hub/Editor/2020.2.7f1/Editor/Data/MonoBleedingEdge/etc'
Using monoOptions --debugger-agent=transport=dt_socket,embedding=1,server=y,suspend=n,address=127.0.0.1:56212
Begin MonoManager ReloadAssembly
Registering precompiled unity dll's ...
Register platform support module: C:/Program Files/Unity/Hub/Editor/2020.2.7f1/Editor/Data/PlaybackEngines/WindowsStandaloneSupport/UnityEditor.WindowsStandalone.Extensions.dll
Registered in 0.002221 seconds.
Native extension for WindowsStandalone target not found
Refreshing native plugins compatible for Editor in 64.37 ms, found 1 plugins.
Preloading 0 native plugins for Editor in 0.00 ms.
Invoked RoslynAnalysisRunner static constructor.
RoslynAnalysisRunner will not be running.
RoslynAnalysisRunner has terminated.
Mono: successfully reloaded assembly
- Completed reload, in  1.336 seconds
Platform modules already initialized, skipping
Registering precompiled user dll's ...
Registered in 0.001867 seconds.
Begin MonoManager ReloadAssembly
Native extension for WindowsStandalone target not found
Refreshing native plugins compatible for Editor in 68.92 ms, found 1 plugins.
Preloading 0 native plugins for Editor in 0.00 ms.
Invoked RoslynAnalysisRunner static constructor.
RoslynAnalysisRunner will not be running.
RoslynAnalysisRunner has terminated.
Mono: successfully reloaded assembly
- Completed reload, in  3.196 seconds
Platform modules already initialized, skipping
========================================================================
Worker process is ready to serve import requests
Shader 'Universal Render Pipeline/Particles/Lit': fallback shader 'Universal Render Pipeline/Particles/SimpleLit' not found
Shader 'Universal Render Pipeline/Particles/Lit': fallback shader 'Universal Render Pipeline/Particles/SimpleLit' not found
Launched and connected shader compiler UnityShaderCompiler.exe after 0.41 seconds
Refreshing native plugins compatible for Editor in 2.35 ms, found 1 plugins.
Preloading 0 native plugins for Editor in 0.00 ms.
Unloading 2757 Unused Serialized files (Serialized files now loaded: 0)
System memory in use before: 137.8 MB.
System memory in use after: 135.2 MB.

Unloading 50 unused Assets to reduce memory usage. Loaded Objects now: 3171.
Total: 6.500600 ms (FindLiveObjects: 0.540600 ms CreateObjectMapping: 0.197200 ms MarkObjects: 3.218600 ms  DeleteObjects: 2.540600 ms)

========================================================================
Received Import Request.
  path: Assets/ScriptableObjects/Dialogues/Subjects/Mike/MikeA2S1.asset
  artifactKey: Guid(e79411853a50daa4dbca0b977e20fe9e) Importer(815301076,1909f56bfc062723c751e8b465ee728b)
Start importing Assets/ScriptableObjects/Dialogues/Subjects/Mike/MikeA2S1.asset using Guid(e79411853a50daa4dbca0b977e20fe9e) Importer(815301076,1909f56bfc062723c751e8b465ee728b)  -> (artifact id: '19add3f16f059398959021f0380c4a04') in 0.472542 seconds
  Import took 0.607228 seconds .

========================================================================
Received Import Request.
  Time since last request: 7106.381662 seconds.
  path: Assets/ScriptableObjects/Dialogues/Subjects/Mike/MikeA2S1FirstTime.asset
  artifactKey: Guid(e79411853a50daa4dbca0b977e20fe9e) Importer(815301076,1909f56bfc062723c751e8b465ee728b)
Start importing Assets/ScriptableObjects/Dialogues/Subjects/Mike/MikeA2S1FirstTime.asset using Guid(e79411853a50daa4dbca0b977e20fe9e) Importer(815301076,1909f56bfc062723c751e8b465ee728b)  -> (artifact id: 'bcb41bf52f911278681ca6428b83ec56') in 0.782073 seconds
  Import took 1.370645 seconds .

========================================================================
Received Import Request.
  Time since last request: 0.319140 seconds.
  path: Assets/ScriptableObjects/Dialogues/Subjects/Mike/MikeA2S1FirstTime 1.asset
  artifactKey: Guid(fc90e697ee2f87847a967ca1850eaa2e) Importer(815301076,1909f56bfc062723c751e8b465ee728b)
Start importing Assets/ScriptableObjects/Dialogues/Subjects/Mike/MikeA2S1FirstTime 1.asset using Guid(fc90e697ee2f87847a967ca1850eaa2e) Importer(815301076,1909f56bfc062723c751e8b465ee728b)  -> (artifact id: '2f89dc1c2bc18d3f14f1290987ce9388') in 0.198213 seconds
  Import took 0.226969 seconds .

========================================================================
Received Import Request.
  Time since last request: 0.369217 seconds.
  path: Assets/ScriptableObjects/Dialogues/Subjects/Mike/MikeA2S1FirstTime.asset
  artifactKey: Guid(e79411853a50daa4dbca0b977e20fe9e) Importer(815301076,1909f56bfc062723c751e8b465ee728b)
Start importing Assets/ScriptableObjects/Dialogues/Subjects/Mike/MikeA2S1FirstTime.asset using Guid(e79411853a50daa4dbca0b977e20fe9e) Importer(815301076,1909f56bfc062723c751e8b465ee728b)  -> (artifact id: '7752e53f5eb8a49c04a6dff6f0f497a4') in 0.003884 seconds
  Import took 0.024821 seconds .

========================================================================
Received Import Request.
  Time since last request: 6.085001 seconds.
  path: Assets/ScriptableObjects/Dialogues/Subjects/Mike/MikeA2S1SecondTime.asset
  artifactKey: Guid(fc90e697ee2f87847a967ca1850eaa2e) Importer(815301076,1909f56bfc062723c751e8b465ee728b)
Start importing Assets/ScriptableObjects/Dialogues/Subjects/Mike/MikeA2S1SecondTime.asset using Guid(fc90e697ee2f87847a967ca1850eaa2e) Importer(815301076,1909f56bfc062723c751e8b465ee728b)  -> (artifact id: '305be63dfd105bbd13267ef6b25d7798') in 0.007860 seconds
  Import took 0.012928 seconds .

========================================================================
Received Import Request.
  Time since last request: 1.170275 seconds.
  path: Assets/ScriptableObjects/Dialogues/Subjects/Mike/MikeA2S1SecondTime 1.asset
  artifactKey: Guid(dd9306bc447533043bcd1733af01beb5) Importer(815301076,1909f56bfc062723c751e8b465ee728b)
Start importing Assets/ScriptableObjects/Dialogues/Subjects/Mike/MikeA2S1SecondTime 1.asset using Guid(dd9306bc447533043bcd1733af01beb5) Importer(815301076,1909f56bfc062723c751e8b465ee728b)  -> (artifact id: 'd4db750fcad030ecba213e428e26499a') in 0.007475 seconds
  Import took 0.018500 seconds .

========================================================================
Received Import Request.
  Time since last request: 6.618182 seconds.
  path: Assets/ScriptableObjects/Dialogues/Subjects/Mike/MikeA2S1Therapy.asset
  artifactKey: Guid(dd9306bc447533043bcd1733af01beb5) Importer(815301076,1909f56bfc062723c751e8b465ee728b)
Start importing Assets/ScriptableObjects/Dialogues/Subjects/Mike/MikeA2S1Therapy.asset using Guid(dd9306bc447533043bcd1733af01beb5) Importer(815301076,1909f56bfc062723c751e8b465ee728b)  -> (artifact id: 'c4a7cabf0a2168e5131e96c319afd777') in 0.007729 seconds
  Import took 0.023200 seconds .

========================================================================
Received Import Request.
  Time since last request: 1.646558 seconds.
  path: Assets/ScriptableObjects/Dialogues/Subjects/Mike/MikeA2S1SecondTime.asset
  artifactKey: Guid(fc90e697ee2f87847a967ca1850eaa2e) Importer(815301076,1909f56bfc062723c751e8b465ee728b)
Start importing Assets/ScriptableObjects/Dialogues/Subjects/Mike/MikeA2S1SecondTime.asset using Guid(fc90e697ee2f87847a967ca1850eaa2e) Importer(815301076,1909f56bfc062723c751e8b465ee728b)  -> (artifact id: '18d26b018b3d2d3725fff3654a2db7b0') in 0.003632 seconds
  Import took 0.031610 seconds .

