Using pre-set license
Built from '2020.2/staging' branch; Version is '2020.2.7f1 (c53830e277f1) revision 12924976'; Using compiler version '192528614'; Build Type 'Release'
OS: 'Windows 10 Home; OS build 19041.928; Version 2004; 64bit' Language: 'es' Physical Memory: 8143 MB
BatchMode: 1, IsHumanControllingUs: 0, StartBugReporterOnCrash: 0, Is64bit: 1, IsPro: 0

 COMMAND LINE ARGUMENTS:
C:\Program Files\Unity\Hub\Editor\2020.2.7f1\Editor\Unity.exe
-adb2
-batchMode
-noUpm
-name
AssetImportWorker2
-projectPath
C:/Users/halva/Desktop/ALVARO/TFG/TFGProjectURP
-logFile
Logs/AssetImportWorker2.log
-srvPort
62817
Successfully changed project path to: C:/Users/halva/Desktop/ALVARO/TFG/TFGProjectURP
C:/Users/halva/Desktop/ALVARO/TFG/TFGProjectURP
Using Asset Import Pipeline V2.
Refreshing native plugins compatible for Editor in 62.42 ms, found 0 plugins.
Preloading 0 native plugins for Editor in 0.00 ms.
Initialize engine version: 2020.2.7f1 (c53830e277f1)
[Subsystems] Discovering subsystems at path C:/Program Files/Unity/Hub/Editor/2020.2.7f1/Editor/Data/Resources/UnitySubsystems
[Subsystems] Discovering subsystems at path C:/Users/halva/Desktop/ALVARO/TFG/TFGProjectURP/Assets
GfxDevice: creating device client; threaded=0
Direct3D:
    Version:  Direct3D 11.0 [level 11.1]
    Renderer: NVIDIA GeForce GTX 1060 6GB (ID=0x1c03)
    Vendor:   
    VRAM:     6052 MB
    Driver:   27.21.14.5671
Initialize mono
Mono path[0] = 'C:/Program Files/Unity/Hub/Editor/2020.2.7f1/Editor/Data/Managed'
Mono path[1] = 'C:/Program Files/Unity/Hub/Editor/2020.2.7f1/Editor/Data/MonoBleedingEdge/lib/mono/unityjit'
Mono config path = 'C:/Program Files/Unity/Hub/Editor/2020.2.7f1/Editor/Data/MonoBleedingEdge/etc'
Using monoOptions --debugger-agent=transport=dt_socket,embedding=1,server=y,suspend=n,address=127.0.0.1:56224
Begin MonoManager ReloadAssembly
Registering precompiled unity dll's ...
Register platform support module: C:/Program Files/Unity/Hub/Editor/2020.2.7f1/Editor/Data/PlaybackEngines/WindowsStandaloneSupport/UnityEditor.WindowsStandalone.Extensions.dll
Registered in 0.002677 seconds.
Native extension for WindowsStandalone target not found
Refreshing native plugins compatible for Editor in 56.55 ms, found 0 plugins.
Preloading 0 native plugins for Editor in 0.00 ms.
Invoked RoslynAnalysisRunner static constructor.
RoslynAnalysisRunner will not be running.
RoslynAnalysisRunner has terminated.
Mono: successfully reloaded assembly
- Completed reload, in  1.265 seconds
Platform modules already initialized, skipping
Registering precompiled user dll's ...
Registered in 0.001685 seconds.
Begin MonoManager ReloadAssembly
Native extension for WindowsStandalone target not found
Refreshing native plugins compatible for Editor in 60.87 ms, found 0 plugins.
Preloading 0 native plugins for Editor in 0.00 ms.
Invoked RoslynAnalysisRunner static constructor.
RoslynAnalysisRunner will not be running.
RoslynAnalysisRunner has terminated.
Mono: successfully reloaded assembly
- Completed reload, in  1.131 seconds
Platform modules already initialized, skipping
========================================================================
Worker process is ready to serve import requests
Shader 'Universal Render Pipeline/Particles/Lit': fallback shader 'Universal Render Pipeline/Particles/SimpleLit' not found
Shader 'Universal Render Pipeline/Particles/Lit': fallback shader 'Universal Render Pipeline/Particles/SimpleLit' not found
Launched and connected shader compiler UnityShaderCompiler.exe after 0.25 seconds
Refreshing native plugins compatible for Editor in 0.53 ms, found 0 plugins.
Preloading 0 native plugins for Editor in 0.00 ms.
Unloading 2648 Unused Serialized files (Serialized files now loaded: 0)
System memory in use before: 128.6 MB.
System memory in use after: 126.4 MB.

Unloading 44 unused Assets to reduce memory usage. Loaded Objects now: 3066.
Total: 3.710500 ms (FindLiveObjects: 0.383100 ms CreateObjectMapping: 0.402800 ms MarkObjects: 1.681100 ms  DeleteObjects: 1.242700 ms)

========================================================================
Received Import Request.
  path: Assets/ScriptableObjects/Objects/BambalinasDer/String 1.asset
  artifactKey: Guid(707cbec8ef92e9a4ba75411237dbbfd2) Importer(815301076,1909f56bfc062723c751e8b465ee728b)
Start importing Assets/ScriptableObjects/Objects/BambalinasDer/String 1.asset using Guid(707cbec8ef92e9a4ba75411237dbbfd2) Importer(815301076,1909f56bfc062723c751e8b465ee728b)  -> (artifact id: '3a951aa9e898f9bdd6acced118d5a3e0') in 0.178780 seconds
  Import took 0.196988 seconds .

========================================================================
Received Prepare
Shader 'Universal Render Pipeline/Particles/Lit': fallback shader 'Universal Render Pipeline/Particles/SimpleLit' not found
Shader 'Universal Render Pipeline/Particles/Lit': fallback shader 'Universal Render Pipeline/Particles/SimpleLit' not found
Refreshing native plugins compatible for Editor in 1.33 ms, found 0 plugins.
Preloading 0 native plugins for Editor in 0.00 ms.
Unloading 36 Unused Serialized files (Serialized files now loaded: 0)
System memory in use before: 73.5 MB.
System memory in use after: 71.4 MB.

Unloading 36 unused Assets to reduce memory usage. Loaded Objects now: 3066.
Total: 4.090600 ms (FindLiveObjects: 0.402200 ms CreateObjectMapping: 0.156900 ms MarkObjects: 2.196900 ms  DeleteObjects: 1.333500 ms)

========================================================================
Received Prepare
Registering precompiled user dll's ...
Registered in 0.001655 seconds.
Begin MonoManager ReloadAssembly
Native extension for WindowsStandalone target not found
Refreshing native plugins compatible for Editor in 0.51 ms, found 0 plugins.
Preloading 0 native plugins for Editor in 0.00 ms.
Invoked RoslynAnalysisRunner static constructor.
RoslynAnalysisRunner will not be running.
RoslynAnalysisRunner has terminated.
Mono: successfully reloaded assembly
- Completed reload, in  1.087 seconds
Platform modules already initialized, skipping
Shader 'Universal Render Pipeline/Particles/Lit': fallback shader 'Universal Render Pipeline/Particles/SimpleLit' not found
Shader 'Universal Render Pipeline/Particles/Lit': fallback shader 'Universal Render Pipeline/Particles/SimpleLit' not found
Refreshing native plugins compatible for Editor in 0.47 ms, found 0 plugins.
Preloading 0 native plugins for Editor in 0.00 ms.
Unloading 2548 Unused Serialized files (Serialized files now loaded: 0)
System memory in use before: 123.5 MB.
System memory in use after: 121.3 MB.

Unloading 39 unused Assets to reduce memory usage. Loaded Objects now: 3069.
Total: 3.350500 ms (FindLiveObjects: 0.276300 ms CreateObjectMapping: 0.146000 ms MarkObjects: 1.623400 ms  DeleteObjects: 1.302800 ms)

========================================================================
Received Prepare
Registering precompiled user dll's ...
Registered in 0.002112 seconds.
Begin MonoManager ReloadAssembly
Native extension for WindowsStandalone target not found
Refreshing native plugins compatible for Editor in 0.66 ms, found 0 plugins.
Preloading 0 native plugins for Editor in 0.00 ms.
Invoked RoslynAnalysisRunner static constructor.
RoslynAnalysisRunner will not be running.
RoslynAnalysisRunner has terminated.
Mono: successfully reloaded assembly
- Completed reload, in  1.985 seconds
Platform modules already initialized, skipping
Shader 'Universal Render Pipeline/Particles/Lit': fallback shader 'Universal Render Pipeline/Particles/SimpleLit' not found
Shader 'Universal Render Pipeline/Particles/Lit': fallback shader 'Universal Render Pipeline/Particles/SimpleLit' not found
Refreshing native plugins compatible for Editor in 1.03 ms, found 0 plugins.
Preloading 0 native plugins for Editor in 0.00 ms.
Unloading 2548 Unused Serialized files (Serialized files now loaded: 0)
System memory in use before: 123.5 MB.
System memory in use after: 121.4 MB.

Unloading 39 unused Assets to reduce memory usage. Loaded Objects now: 3072.
Total: 18.685900 ms (FindLiveObjects: 1.464000 ms CreateObjectMapping: 0.694600 ms MarkObjects: 10.051100 ms  DeleteObjects: 6.474100 ms)

========================================================================
Received Prepare
Registering precompiled user dll's ...
Registered in 0.002073 seconds.
Begin MonoManager ReloadAssembly
Native extension for WindowsStandalone target not found
Refreshing native plugins compatible for Editor in 0.49 ms, found 0 plugins.
Preloading 0 native plugins for Editor in 0.00 ms.
Invoked RoslynAnalysisRunner static constructor.
RoslynAnalysisRunner will not be running.
RoslynAnalysisRunner has terminated.
Mono: successfully reloaded assembly
- Completed reload, in  1.648 seconds
Platform modules already initialized, skipping
Shader 'Universal Render Pipeline/Particles/Lit': fallback shader 'Universal Render Pipeline/Particles/SimpleLit' not found
Shader 'Universal Render Pipeline/Particles/Lit': fallback shader 'Universal Render Pipeline/Particles/SimpleLit' not found
Refreshing native plugins compatible for Editor in 0.55 ms, found 0 plugins.
Preloading 0 native plugins for Editor in 0.00 ms.
Unloading 2548 Unused Serialized files (Serialized files now loaded: 0)
System memory in use before: 123.6 MB.
System memory in use after: 121.4 MB.

Unloading 39 unused Assets to reduce memory usage. Loaded Objects now: 3075.
Total: 4.395700 ms (FindLiveObjects: 0.395100 ms CreateObjectMapping: 0.203200 ms MarkObjects: 2.141800 ms  DeleteObjects: 1.654100 ms)

========================================================================
Received Prepare
Registering precompiled user dll's ...
Registered in 0.002761 seconds.
Begin MonoManager ReloadAssembly
Native extension for WindowsStandalone target not found
Refreshing native plugins compatible for Editor in 0.96 ms, found 0 plugins.
Preloading 0 native plugins for Editor in 0.00 ms.
Invoked RoslynAnalysisRunner static constructor.
RoslynAnalysisRunner will not be running.
RoslynAnalysisRunner has terminated.
Mono: successfully reloaded assembly
- Completed reload, in  1.799 seconds
Platform modules already initialized, skipping
Shader 'Universal Render Pipeline/Particles/Lit': fallback shader 'Universal Render Pipeline/Particles/SimpleLit' not found
Shader 'Universal Render Pipeline/Particles/Lit': fallback shader 'Universal Render Pipeline/Particles/SimpleLit' not found
Refreshing native plugins compatible for Editor in 1.03 ms, found 0 plugins.
Preloading 0 native plugins for Editor in 0.00 ms.
Unloading 2548 Unused Serialized files (Serialized files now loaded: 0)
System memory in use before: 123.6 MB.
System memory in use after: 121.4 MB.

Unloading 39 unused Assets to reduce memory usage. Loaded Objects now: 3078.
Total: 19.593400 ms (FindLiveObjects: 1.398100 ms CreateObjectMapping: 0.814100 ms MarkObjects: 9.640900 ms  DeleteObjects: 7.738000 ms)

========================================================================
Received Prepare
Registering precompiled user dll's ...
Registered in 0.001594 seconds.
Begin MonoManager ReloadAssembly
Native extension for WindowsStandalone target not found
Refreshing native plugins compatible for Editor in 0.47 ms, found 0 plugins.
Preloading 0 native plugins for Editor in 0.00 ms.
Invoked RoslynAnalysisRunner static constructor.
RoslynAnalysisRunner will not be running.
RoslynAnalysisRunner has terminated.
Mono: successfully reloaded assembly
- Completed reload, in  0.964 seconds
Platform modules already initialized, skipping
Shader 'Universal Render Pipeline/Particles/Lit': fallback shader 'Universal Render Pipeline/Particles/SimpleLit' not found
Shader 'Universal Render Pipeline/Particles/Lit': fallback shader 'Universal Render Pipeline/Particles/SimpleLit' not found
Refreshing native plugins compatible for Editor in 0.48 ms, found 0 plugins.
Preloading 0 native plugins for Editor in 0.00 ms.
Unloading 2548 Unused Serialized files (Serialized files now loaded: 0)
System memory in use before: 123.6 MB.
System memory in use after: 121.4 MB.

Unloading 39 unused Assets to reduce memory usage. Loaded Objects now: 3081.
Total: 4.072900 ms (FindLiveObjects: 0.342300 ms CreateObjectMapping: 0.187100 ms MarkObjects: 2.086100 ms  DeleteObjects: 1.455900 ms)

========================================================================
Received Prepare
Registering precompiled user dll's ...
Registered in 0.001584 seconds.
Begin MonoManager ReloadAssembly
Native extension for WindowsStandalone target not found
Refreshing native plugins compatible for Editor in 0.46 ms, found 0 plugins.
Preloading 0 native plugins for Editor in 0.00 ms.
Invoked RoslynAnalysisRunner static constructor.
RoslynAnalysisRunner will not be running.
RoslynAnalysisRunner has terminated.
Mono: successfully reloaded assembly
- Completed reload, in  1.064 seconds
Platform modules already initialized, skipping
Shader 'Universal Render Pipeline/Particles/Lit': fallback shader 'Universal Render Pipeline/Particles/SimpleLit' not found
Shader 'Universal Render Pipeline/Particles/Lit': fallback shader 'Universal Render Pipeline/Particles/SimpleLit' not found
Refreshing native plugins compatible for Editor in 0.48 ms, found 0 plugins.
Preloading 0 native plugins for Editor in 0.00 ms.
Unloading 2548 Unused Serialized files (Serialized files now loaded: 0)
System memory in use before: 123.6 MB.
System memory in use after: 121.4 MB.

Unloading 39 unused Assets to reduce memory usage. Loaded Objects now: 3084.
Total: 3.553600 ms (FindLiveObjects: 0.290000 ms CreateObjectMapping: 0.135600 ms MarkObjects: 1.699400 ms  DeleteObjects: 1.427400 ms)

========================================================================
Received Prepare
Registering precompiled user dll's ...
Registered in 0.001574 seconds.
Begin MonoManager ReloadAssembly
Native extension for WindowsStandalone target not found
Refreshing native plugins compatible for Editor in 0.54 ms, found 0 plugins.
Preloading 0 native plugins for Editor in 0.00 ms.
Invoked RoslynAnalysisRunner static constructor.
RoslynAnalysisRunner will not be running.
RoslynAnalysisRunner has terminated.
Mono: successfully reloaded assembly
- Completed reload, in  1.012 seconds
Platform modules already initialized, skipping
Shader 'Universal Render Pipeline/Particles/Lit': fallback shader 'Universal Render Pipeline/Particles/SimpleLit' not found
Shader 'Universal Render Pipeline/Particles/Lit': fallback shader 'Universal Render Pipeline/Particles/SimpleLit' not found
Refreshing native plugins compatible for Editor in 0.47 ms, found 0 plugins.
Preloading 0 native plugins for Editor in 0.00 ms.
Unloading 2548 Unused Serialized files (Serialized files now loaded: 0)
System memory in use before: 123.6 MB.
System memory in use after: 121.4 MB.

Unloading 39 unused Assets to reduce memory usage. Loaded Objects now: 3087.
Total: 3.733300 ms (FindLiveObjects: 0.429600 ms CreateObjectMapping: 0.136800 ms MarkObjects: 1.655700 ms  DeleteObjects: 1.509700 ms)

========================================================================
Received Prepare
Registering precompiled user dll's ...
Registered in 0.001699 seconds.
Begin MonoManager ReloadAssembly
Native extension for WindowsStandalone target not found
Refreshing native plugins compatible for Editor in 0.46 ms, found 0 plugins.
Preloading 0 native plugins for Editor in 0.00 ms.
Invoked RoslynAnalysisRunner static constructor.
RoslynAnalysisRunner will not be running.
RoslynAnalysisRunner has terminated.
Mono: successfully reloaded assembly
- Completed reload, in  0.962 seconds
Platform modules already initialized, skipping
Shader 'Universal Render Pipeline/Particles/Lit': fallback shader 'Universal Render Pipeline/Particles/SimpleLit' not found
Shader 'Universal Render Pipeline/Particles/Lit': fallback shader 'Universal Render Pipeline/Particles/SimpleLit' not found
Refreshing native plugins compatible for Editor in 0.47 ms, found 0 plugins.
Preloading 0 native plugins for Editor in 0.00 ms.
Unloading 2548 Unused Serialized files (Serialized files now loaded: 0)
System memory in use before: 123.6 MB.
System memory in use after: 121.5 MB.

Unloading 39 unused Assets to reduce memory usage. Loaded Objects now: 3090.
Total: 3.544700 ms (FindLiveObjects: 0.279100 ms CreateObjectMapping: 0.149600 ms MarkObjects: 1.714900 ms  DeleteObjects: 1.400200 ms)

========================================================================
Received Prepare
Registering precompiled user dll's ...
Registered in 0.001861 seconds.
Begin MonoManager ReloadAssembly
Native extension for WindowsStandalone target not found
Refreshing native plugins compatible for Editor in 0.46 ms, found 0 plugins.
Preloading 0 native plugins for Editor in 0.00 ms.
Invoked RoslynAnalysisRunner static constructor.
RoslynAnalysisRunner will not be running.
RoslynAnalysisRunner has terminated.
Mono: successfully reloaded assembly
- Completed reload, in  0.964 seconds
Platform modules already initialized, skipping
Shader 'Universal Render Pipeline/Particles/Lit': fallback shader 'Universal Render Pipeline/Particles/SimpleLit' not found
Shader 'Universal Render Pipeline/Particles/Lit': fallback shader 'Universal Render Pipeline/Particles/SimpleLit' not found
Refreshing native plugins compatible for Editor in 0.53 ms, found 0 plugins.
Preloading 0 native plugins for Editor in 0.00 ms.
Unloading 2548 Unused Serialized files (Serialized files now loaded: 0)
System memory in use before: 123.6 MB.
System memory in use after: 121.5 MB.

Unloading 39 unused Assets to reduce memory usage. Loaded Objects now: 3093.
Total: 48.491800 ms (FindLiveObjects: 0.312000 ms CreateObjectMapping: 0.149900 ms MarkObjects: 45.027000 ms  DeleteObjects: 3.000900 ms)

========================================================================
Received Prepare
Registering precompiled user dll's ...
Registered in 0.001835 seconds.
Begin MonoManager ReloadAssembly
Native extension for WindowsStandalone target not found
Refreshing native plugins compatible for Editor in 0.48 ms, found 0 plugins.
Preloading 0 native plugins for Editor in 0.00 ms.
Invoked RoslynAnalysisRunner static constructor.
RoslynAnalysisRunner will not be running.
RoslynAnalysisRunner has terminated.
Mono: successfully reloaded assembly
- Completed reload, in  1.003 seconds
Platform modules already initialized, skipping
Shader 'Universal Render Pipeline/Particles/Lit': fallback shader 'Universal Render Pipeline/Particles/SimpleLit' not found
Shader 'Universal Render Pipeline/Particles/Lit': fallback shader 'Universal Render Pipeline/Particles/SimpleLit' not found
Refreshing native plugins compatible for Editor in 0.47 ms, found 0 plugins.
Preloading 0 native plugins for Editor in 0.00 ms.
Unloading 2548 Unused Serialized files (Serialized files now loaded: 0)
System memory in use before: 123.6 MB.
System memory in use after: 121.4 MB.

Unloading 39 unused Assets to reduce memory usage. Loaded Objects now: 3096.
Total: 4.025300 ms (FindLiveObjects: 0.338800 ms CreateObjectMapping: 0.181900 ms MarkObjects: 1.820500 ms  DeleteObjects: 1.682900 ms)

========================================================================
Received Prepare
Registering precompiled user dll's ...
Registered in 0.001657 seconds.
Begin MonoManager ReloadAssembly
Native extension for WindowsStandalone target not found
Refreshing native plugins compatible for Editor in 0.55 ms, found 0 plugins.
Preloading 0 native plugins for Editor in 0.00 ms.
Invoked RoslynAnalysisRunner static constructor.
RoslynAnalysisRunner will not be running.
RoslynAnalysisRunner has terminated.
Mono: successfully reloaded assembly
- Completed reload, in  0.970 seconds
Platform modules already initialized, skipping
Shader 'Universal Render Pipeline/Particles/Lit': fallback shader 'Universal Render Pipeline/Particles/SimpleLit' not found
Shader 'Universal Render Pipeline/Particles/Lit': fallback shader 'Universal Render Pipeline/Particles/SimpleLit' not found
Refreshing native plugins compatible for Editor in 0.50 ms, found 0 plugins.
Preloading 0 native plugins for Editor in 0.00 ms.
Unloading 2548 Unused Serialized files (Serialized files now loaded: 0)
System memory in use before: 123.7 MB.
System memory in use after: 121.5 MB.

Unloading 39 unused Assets to reduce memory usage. Loaded Objects now: 3099.
Total: 4.309300 ms (FindLiveObjects: 0.317100 ms CreateObjectMapping: 0.277600 ms MarkObjects: 2.272900 ms  DeleteObjects: 1.439900 ms)

========================================================================
Received Prepare
Registering precompiled user dll's ...
Registered in 0.001584 seconds.
Begin MonoManager ReloadAssembly
Native extension for WindowsStandalone target not found
Refreshing native plugins compatible for Editor in 0.46 ms, found 0 plugins.
Preloading 0 native plugins for Editor in 0.00 ms.
Invoked RoslynAnalysisRunner static constructor.
RoslynAnalysisRunner will not be running.
RoslynAnalysisRunner has terminated.
Mono: successfully reloaded assembly
- Completed reload, in  0.989 seconds
Platform modules already initialized, skipping
Shader 'Universal Render Pipeline/Particles/Lit': fallback shader 'Universal Render Pipeline/Particles/SimpleLit' not found
Shader 'Universal Render Pipeline/Particles/Lit': fallback shader 'Universal Render Pipeline/Particles/SimpleLit' not found
Refreshing native plugins compatible for Editor in 1.03 ms, found 0 plugins.
Preloading 0 native plugins for Editor in 0.00 ms.
Unloading 2548 Unused Serialized files (Serialized files now loaded: 0)
System memory in use before: 123.6 MB.
System memory in use after: 121.5 MB.

Unloading 39 unused Assets to reduce memory usage. Loaded Objects now: 3102.
Total: 11.342500 ms (FindLiveObjects: 1.163700 ms CreateObjectMapping: 1.597800 ms MarkObjects: 6.149700 ms  DeleteObjects: 2.429600 ms)

========================================================================
Received Prepare
Registering precompiled user dll's ...
Registered in 0.001728 seconds.
Begin MonoManager ReloadAssembly
Native extension for WindowsStandalone target not found
Refreshing native plugins compatible for Editor in 0.46 ms, found 0 plugins.
Preloading 0 native plugins for Editor in 0.00 ms.
Invoked RoslynAnalysisRunner static constructor.
RoslynAnalysisRunner will not be running.
RoslynAnalysisRunner has terminated.
Mono: successfully reloaded assembly
- Completed reload, in  0.991 seconds
Platform modules already initialized, skipping
Shader 'Universal Render Pipeline/Particles/Lit': fallback shader 'Universal Render Pipeline/Particles/SimpleLit' not found
Shader 'Universal Render Pipeline/Particles/Lit': fallback shader 'Universal Render Pipeline/Particles/SimpleLit' not found
Refreshing native plugins compatible for Editor in 0.54 ms, found 0 plugins.
Preloading 0 native plugins for Editor in 0.00 ms.
Unloading 2548 Unused Serialized files (Serialized files now loaded: 0)
System memory in use before: 123.6 MB.
System memory in use after: 121.5 MB.

Unloading 39 unused Assets to reduce memory usage. Loaded Objects now: 3105.
Total: 3.607200 ms (FindLiveObjects: 0.312900 ms CreateObjectMapping: 0.140100 ms MarkObjects: 1.689000 ms  DeleteObjects: 1.463200 ms)

========================================================================
Received Prepare
Registering precompiled user dll's ...
Registered in 0.001731 seconds.
Begin MonoManager ReloadAssembly
Native extension for WindowsStandalone target not found
Refreshing native plugins compatible for Editor in 0.48 ms, found 0 plugins.
Preloading 0 native plugins for Editor in 0.00 ms.
Invoked RoslynAnalysisRunner static constructor.
RoslynAnalysisRunner will not be running.
RoslynAnalysisRunner has terminated.
Mono: successfully reloaded assembly
- Completed reload, in  0.991 seconds
Platform modules already initialized, skipping
Shader 'Universal Render Pipeline/Particles/Lit': fallback shader 'Universal Render Pipeline/Particles/SimpleLit' not found
Shader 'Universal Render Pipeline/Particles/Lit': fallback shader 'Universal Render Pipeline/Particles/SimpleLit' not found
Refreshing native plugins compatible for Editor in 0.49 ms, found 0 plugins.
Preloading 0 native plugins for Editor in 0.00 ms.
Unloading 2548 Unused Serialized files (Serialized files now loaded: 0)
System memory in use before: 123.7 MB.
System memory in use after: 121.5 MB.

Unloading 39 unused Assets to reduce memory usage. Loaded Objects now: 3108.
Total: 5.098900 ms (FindLiveObjects: 0.386100 ms CreateObjectMapping: 0.219600 ms MarkObjects: 2.682800 ms  DeleteObjects: 1.808000 ms)

========================================================================
Received Prepare
Registering precompiled user dll's ...
Registered in 0.001844 seconds.
Begin MonoManager ReloadAssembly
Native extension for WindowsStandalone target not found
Refreshing native plugins compatible for Editor in 0.47 ms, found 0 plugins.
Preloading 0 native plugins for Editor in 0.00 ms.
Invoked RoslynAnalysisRunner static constructor.
RoslynAnalysisRunner will not be running.
RoslynAnalysisRunner has terminated.
Mono: successfully reloaded assembly
- Completed reload, in  1.126 seconds
Platform modules already initialized, skipping
Shader 'Universal Render Pipeline/Particles/Lit': fallback shader 'Universal Render Pipeline/Particles/SimpleLit' not found
Shader 'Universal Render Pipeline/Particles/Lit': fallback shader 'Universal Render Pipeline/Particles/SimpleLit' not found
Refreshing native plugins compatible for Editor in 0.48 ms, found 0 plugins.
Preloading 0 native plugins for Editor in 0.00 ms.
Unloading 2548 Unused Serialized files (Serialized files now loaded: 0)
System memory in use before: 123.7 MB.
System memory in use after: 121.5 MB.

Unloading 39 unused Assets to reduce memory usage. Loaded Objects now: 3111.
Total: 4.383000 ms (FindLiveObjects: 0.284600 ms CreateObjectMapping: 0.141700 ms MarkObjects: 1.774600 ms  DeleteObjects: 2.181100 ms)

========================================================================
Received Prepare
Registering precompiled user dll's ...
Registered in 0.001596 seconds.
Begin MonoManager ReloadAssembly
Native extension for WindowsStandalone target not found
Refreshing native plugins compatible for Editor in 0.49 ms, found 0 plugins.
Preloading 0 native plugins for Editor in 0.00 ms.
Invoked RoslynAnalysisRunner static constructor.
RoslynAnalysisRunner will not be running.
RoslynAnalysisRunner has terminated.
Mono: successfully reloaded assembly
- Completed reload, in  1.248 seconds
Platform modules already initialized, skipping
Shader 'Universal Render Pipeline/Particles/Lit': fallback shader 'Universal Render Pipeline/Particles/SimpleLit' not found
Shader 'Universal Render Pipeline/Particles/Lit': fallback shader 'Universal Render Pipeline/Particles/SimpleLit' not found
Refreshing native plugins compatible for Editor in 0.47 ms, found 0 plugins.
Preloading 0 native plugins for Editor in 0.00 ms.
Unloading 2548 Unused Serialized files (Serialized files now loaded: 0)
System memory in use before: 123.7 MB.
System memory in use after: 121.5 MB.

Unloading 39 unused Assets to reduce memory usage. Loaded Objects now: 3114.
Total: 4.626200 ms (FindLiveObjects: 0.367500 ms CreateObjectMapping: 0.170600 ms MarkObjects: 2.426800 ms  DeleteObjects: 1.659400 ms)

========================================================================
Received Prepare
Registering precompiled user dll's ...
Registered in 0.001646 seconds.
Begin MonoManager ReloadAssembly
Native extension for WindowsStandalone target not found
Refreshing native plugins compatible for Editor in 0.46 ms, found 0 plugins.
Preloading 0 native plugins for Editor in 0.00 ms.
Invoked RoslynAnalysisRunner static constructor.
RoslynAnalysisRunner will not be running.
RoslynAnalysisRunner has terminated.
Mono: successfully reloaded assembly
- Completed reload, in  1.069 seconds
Platform modules already initialized, skipping
Shader 'Universal Render Pipeline/Particles/Lit': fallback shader 'Universal Render Pipeline/Particles/SimpleLit' not found
Shader 'Universal Render Pipeline/Particles/Lit': fallback shader 'Universal Render Pipeline/Particles/SimpleLit' not found
Refreshing native plugins compatible for Editor in 0.53 ms, found 0 plugins.
Preloading 0 native plugins for Editor in 0.00 ms.
Unloading 2548 Unused Serialized files (Serialized files now loaded: 0)
System memory in use before: 123.7 MB.
System memory in use after: 121.5 MB.

Unloading 39 unused Assets to reduce memory usage. Loaded Objects now: 3117.
Total: 6.732400 ms (FindLiveObjects: 0.956700 ms CreateObjectMapping: 0.351900 ms MarkObjects: 3.950700 ms  DeleteObjects: 1.471500 ms)

========================================================================
Received Prepare
Registering precompiled user dll's ...
Registered in 0.001765 seconds.
Begin MonoManager ReloadAssembly
Native extension for WindowsStandalone target not found
Refreshing native plugins compatible for Editor in 0.59 ms, found 0 plugins.
Preloading 0 native plugins for Editor in 0.00 ms.
Invoked RoslynAnalysisRunner static constructor.
RoslynAnalysisRunner will not be running.
RoslynAnalysisRunner has terminated.
Mono: successfully reloaded assembly
- Completed reload, in  1.012 seconds
Platform modules already initialized, skipping
Shader 'Universal Render Pipeline/Particles/Lit': fallback shader 'Universal Render Pipeline/Particles/SimpleLit' not found
Shader 'Universal Render Pipeline/Particles/Lit': fallback shader 'Universal Render Pipeline/Particles/SimpleLit' not found
Refreshing native plugins compatible for Editor in 0.53 ms, found 0 plugins.
Preloading 0 native plugins for Editor in 0.00 ms.
Unloading 2548 Unused Serialized files (Serialized files now loaded: 0)
System memory in use before: 123.7 MB.
System memory in use after: 121.5 MB.

Unloading 39 unused Assets to reduce memory usage. Loaded Objects now: 3120.
Total: 4.954600 ms (FindLiveObjects: 0.457700 ms CreateObjectMapping: 0.161800 ms MarkObjects: 2.399200 ms  DeleteObjects: 1.934300 ms)

========================================================================
Received Import Request.
  Time since last request: 4056.660968 seconds.
  path: Assets/ScriptableObjects/Objects/BambalinasDer/Knife.asset
  artifactKey: Guid(707cbec8ef92e9a4ba75411237dbbfd2) Importer(815301076,1909f56bfc062723c751e8b465ee728b)
Start importing Assets/ScriptableObjects/Objects/BambalinasDer/Knife.asset using Guid(707cbec8ef92e9a4ba75411237dbbfd2) Importer(815301076,1909f56bfc062723c751e8b465ee728b)  -> (artifact id: '5e0f99d1c96abe663616cc1b33e11f2f') in 0.027241 seconds
  Import took 0.042640 seconds .

========================================================================
Received Import Request.
  Time since last request: 6.416266 seconds.
  path: Assets/ScriptableObjects/Objects/BambalinasDer/Knife.asset
  artifactKey: Guid(707cbec8ef92e9a4ba75411237dbbfd2) Importer(815301076,1909f56bfc062723c751e8b465ee728b)
Start importing Assets/ScriptableObjects/Objects/BambalinasDer/Knife.asset using Guid(707cbec8ef92e9a4ba75411237dbbfd2) Importer(815301076,1909f56bfc062723c751e8b465ee728b)  -> (artifact id: '43b8e9c98289414189a008ffd649b63f') in 0.012833 seconds
  Import took 0.017842 seconds .

========================================================================
Received Import Request.
  Time since last request: 24.873261 seconds.
  path: Assets/Scripts/Objects/Behaviors/PickableObjs
  artifactKey: Guid(66a0ac1b16de9324b8fa2e9ed03129af) Importer(815301076,1909f56bfc062723c751e8b465ee728b)
Start importing Assets/Scripts/Objects/Behaviors/PickableObjs using Guid(66a0ac1b16de9324b8fa2e9ed03129af) Importer(815301076,1909f56bfc062723c751e8b465ee728b)  -> (artifact id: '6251e96aa1ad47cf7640e89af4122447') in 0.012031 seconds
  Import took 0.018532 seconds .

========================================================================
Received Import Request.
  Time since last request: 13.649840 seconds.
  path: Assets/Scripts/Objects/Behaviors/PickableObjs/StringObjBehavior.cs
  artifactKey: Guid(4cf57105aa637d845954e423144c7789) Importer(815301076,1909f56bfc062723c751e8b465ee728b)
Start importing Assets/Scripts/Objects/Behaviors/PickableObjs/StringObjBehavior.cs using Guid(4cf57105aa637d845954e423144c7789) Importer(815301076,1909f56bfc062723c751e8b465ee728b)  -> (artifact id: '2c6e3956988928dfaff4d7b99c3979d9') in 0.064047 seconds
  Import took 0.086085 seconds .

========================================================================
Received Prepare
Registering precompiled user dll's ...
Registered in 0.012591 seconds.
Begin MonoManager ReloadAssembly
Native extension for WindowsStandalone target not found
Refreshing native plugins compatible for Editor in 0.65 ms, found 0 plugins.
Preloading 0 native plugins for Editor in 0.00 ms.
Invoked RoslynAnalysisRunner static constructor.
RoslynAnalysisRunner will not be running.
RoslynAnalysisRunner has terminated.
Mono: successfully reloaded assembly
- Completed reload, in  1.402 seconds
Platform modules already initialized, skipping
Shader 'Universal Render Pipeline/Particles/Lit': fallback shader 'Universal Render Pipeline/Particles/SimpleLit' not found
Shader 'Universal Render Pipeline/Particles/Lit': fallback shader 'Universal Render Pipeline/Particles/SimpleLit' not found
Refreshing native plugins compatible for Editor in 0.57 ms, found 0 plugins.
Preloading 0 native plugins for Editor in 0.00 ms.
Unloading 2549 Unused Serialized files (Serialized files now loaded: 0)
System memory in use before: 123.8 MB.
System memory in use after: 121.6 MB.

Unloading 39 unused Assets to reduce memory usage. Loaded Objects now: 3124.
Total: 3.963200 ms (FindLiveObjects: 0.307000 ms CreateObjectMapping: 0.150500 ms MarkObjects: 1.978100 ms  DeleteObjects: 1.525900 ms)

========================================================================
Received Import Request.
  Time since last request: 158.634946 seconds.
  path: Assets/Scripts/Objects/Behaviors/PickableObjs/StringObjBehavior.cs
  artifactKey: Guid(4cf57105aa637d845954e423144c7789) Importer(815301076,1909f56bfc062723c751e8b465ee728b)
Start importing Assets/Scripts/Objects/Behaviors/PickableObjs/StringObjBehavior.cs using Guid(4cf57105aa637d845954e423144c7789) Importer(815301076,1909f56bfc062723c751e8b465ee728b)  -> (artifact id: '179eb8995f1722eba7a1576af84eb194') in 0.010522 seconds
  Import took 0.046908 seconds .

========================================================================
Received Prepare
Registering precompiled user dll's ...
Registered in 0.001650 seconds.
Begin MonoManager ReloadAssembly
Native extension for WindowsStandalone target not found
Refreshing native plugins compatible for Editor in 0.49 ms, found 0 plugins.
Preloading 0 native plugins for Editor in 0.00 ms.
Invoked RoslynAnalysisRunner static constructor.
RoslynAnalysisRunner will not be running.
RoslynAnalysisRunner has terminated.
Mono: successfully reloaded assembly
- Completed reload, in  0.947 seconds
Platform modules already initialized, skipping
Shader 'Universal Render Pipeline/Particles/Lit': fallback shader 'Universal Render Pipeline/Particles/SimpleLit' not found
Shader 'Universal Render Pipeline/Particles/Lit': fallback shader 'Universal Render Pipeline/Particles/SimpleLit' not found
Refreshing native plugins compatible for Editor in 0.47 ms, found 0 plugins.
Preloading 0 native plugins for Editor in 0.00 ms.
Unloading 2549 Unused Serialized files (Serialized files now loaded: 0)
System memory in use before: 123.7 MB.
System memory in use after: 121.6 MB.

Unloading 39 unused Assets to reduce memory usage. Loaded Objects now: 3127.
Total: 5.015300 ms (FindLiveObjects: 0.897200 ms CreateObjectMapping: 0.221800 ms MarkObjects: 2.365100 ms  DeleteObjects: 1.530000 ms)

========================================================================
Received Import Request.
  Time since last request: 17.557829 seconds.
  path: Assets/Scripts/Objects/Behaviors/PickableObjs/StringObjBehavior.cs
  artifactKey: Guid(4cf57105aa637d845954e423144c7789) Importer(815301076,1909f56bfc062723c751e8b465ee728b)
Start importing Assets/Scripts/Objects/Behaviors/PickableObjs/StringObjBehavior.cs using Guid(4cf57105aa637d845954e423144c7789) Importer(815301076,1909f56bfc062723c751e8b465ee728b)  -> (artifact id: '19da83c583f44a3c4131482f29fe5531') in 0.007062 seconds
  Import took 0.017405 seconds .

========================================================================
Received Prepare
Registering precompiled user dll's ...
Registered in 0.001733 seconds.
Begin MonoManager ReloadAssembly
Native extension for WindowsStandalone target not found
Refreshing native plugins compatible for Editor in 0.57 ms, found 0 plugins.
Preloading 0 native plugins for Editor in 0.00 ms.
Invoked RoslynAnalysisRunner static constructor.
RoslynAnalysisRunner will not be running.
RoslynAnalysisRunner has terminated.
Mono: successfully reloaded assembly
- Completed reload, in  1.206 seconds
Platform modules already initialized, skipping
Shader 'Universal Render Pipeline/Particles/Lit': fallback shader 'Universal Render Pipeline/Particles/SimpleLit' not found
Shader 'Universal Render Pipeline/Particles/Lit': fallback shader 'Universal Render Pipeline/Particles/SimpleLit' not found
Refreshing native plugins compatible for Editor in 0.56 ms, found 0 plugins.
Preloading 0 native plugins for Editor in 0.00 ms.
Unloading 2549 Unused Serialized files (Serialized files now loaded: 0)
System memory in use before: 123.7 MB.
System memory in use after: 121.5 MB.

Unloading 39 unused Assets to reduce memory usage. Loaded Objects now: 3130.
Total: 11.795500 ms (FindLiveObjects: 0.657000 ms CreateObjectMapping: 0.214600 ms MarkObjects: 5.678500 ms  DeleteObjects: 5.243600 ms)

========================================================================
Received Import Request.
  Time since last request: 63.704183 seconds.
  path: Assets/Scripts/Editor/InteractableObjs/Behaviors/PickableObjs
  artifactKey: Guid(b77657bddd8e6f94cb95fb8b54e17174) Importer(815301076,1909f56bfc062723c751e8b465ee728b)
Start importing Assets/Scripts/Editor/InteractableObjs/Behaviors/PickableObjs using Guid(b77657bddd8e6f94cb95fb8b54e17174) Importer(815301076,1909f56bfc062723c751e8b465ee728b)  -> (artifact id: 'd28a2beb46a1cbcb82f49ee7bbbe497c') in 0.012997 seconds
  Import took 0.035835 seconds .

========================================================================
Received Import Request.
  Time since last request: 12.810788 seconds.
  path: Assets/Scripts/Editor/InteractableObjs/Behaviors/PickableObjs/KnifeObjBehaviorEditor.cs
  artifactKey: Guid(4d9c9d3c4161084408c40157da9ae6ce) Importer(815301076,1909f56bfc062723c751e8b465ee728b)
Start importing Assets/Scripts/Editor/InteractableObjs/Behaviors/PickableObjs/KnifeObjBehaviorEditor.cs using Guid(4d9c9d3c4161084408c40157da9ae6ce) Importer(815301076,1909f56bfc062723c751e8b465ee728b)  -> (artifact id: '44677c5eaf31c97286f3d765e1b1774b') in 0.014995 seconds
  Import took 0.025010 seconds .

========================================================================
Received Prepare
Registering precompiled user dll's ...
Registered in 0.002845 seconds.
Begin MonoManager ReloadAssembly
Native extension for WindowsStandalone target not found
Refreshing native plugins compatible for Editor in 0.47 ms, found 0 plugins.
Preloading 0 native plugins for Editor in 0.00 ms.
Invoked RoslynAnalysisRunner static constructor.
RoslynAnalysisRunner will not be running.
RoslynAnalysisRunner has terminated.
Mono: successfully reloaded assembly
- Completed reload, in  1.055 seconds
Platform modules already initialized, skipping
Shader 'Universal Render Pipeline/Particles/Lit': fallback shader 'Universal Render Pipeline/Particles/SimpleLit' not found
Shader 'Universal Render Pipeline/Particles/Lit': fallback shader 'Universal Render Pipeline/Particles/SimpleLit' not found
Refreshing native plugins compatible for Editor in 0.47 ms, found 0 plugins.
Preloading 0 native plugins for Editor in 0.00 ms.
Unloading 2550 Unused Serialized files (Serialized files now loaded: 0)
System memory in use before: 123.8 MB.
System memory in use after: 121.6 MB.

Unloading 39 unused Assets to reduce memory usage. Loaded Objects now: 3134.
Total: 3.473800 ms (FindLiveObjects: 0.273200 ms CreateObjectMapping: 0.133300 ms MarkObjects: 1.643900 ms  DeleteObjects: 1.421700 ms)

========================================================================
Received Prepare
Registering precompiled user dll's ...
Registered in 0.001923 seconds.
Begin MonoManager ReloadAssembly
Native extension for WindowsStandalone target not found
Refreshing native plugins compatible for Editor in 0.52 ms, found 0 plugins.
Preloading 0 native plugins for Editor in 0.00 ms.
Invoked RoslynAnalysisRunner static constructor.
RoslynAnalysisRunner will not be running.
RoslynAnalysisRunner has terminated.
Mono: successfully reloaded assembly
- Completed reload, in  0.963 seconds
Platform modules already initialized, skipping
Shader 'Universal Render Pipeline/Particles/Lit': fallback shader 'Universal Render Pipeline/Particles/SimpleLit' not found
Shader 'Universal Render Pipeline/Particles/Lit': fallback shader 'Universal Render Pipeline/Particles/SimpleLit' not found
Refreshing native plugins compatible for Editor in 0.52 ms, found 0 plugins.
Preloading 0 native plugins for Editor in 0.00 ms.
Unloading 2550 Unused Serialized files (Serialized files now loaded: 0)
System memory in use before: 123.8 MB.
System memory in use after: 121.6 MB.

Unloading 39 unused Assets to reduce memory usage. Loaded Objects now: 3137.
Total: 4.467100 ms (FindLiveObjects: 0.373800 ms CreateObjectMapping: 0.184700 ms MarkObjects: 2.248300 ms  DeleteObjects: 1.659200 ms)

========================================================================
Received Prepare
Registering precompiled user dll's ...
Registered in 0.001592 seconds.
Begin MonoManager ReloadAssembly
Native extension for WindowsStandalone target not found
Refreshing native plugins compatible for Editor in 0.46 ms, found 0 plugins.
Preloading 0 native plugins for Editor in 0.00 ms.
Invoked RoslynAnalysisRunner static constructor.
RoslynAnalysisRunner will not be running.
RoslynAnalysisRunner has terminated.
Mono: successfully reloaded assembly
- Completed reload, in  0.946 seconds
Platform modules already initialized, skipping
Shader 'Universal Render Pipeline/Particles/Lit': fallback shader 'Universal Render Pipeline/Particles/SimpleLit' not found
Shader 'Universal Render Pipeline/Particles/Lit': fallback shader 'Universal Render Pipeline/Particles/SimpleLit' not found
Refreshing native plugins compatible for Editor in 0.65 ms, found 0 plugins.
Preloading 0 native plugins for Editor in 0.00 ms.
Unloading 2550 Unused Serialized files (Serialized files now loaded: 0)
System memory in use before: 123.8 MB.
System memory in use after: 121.6 MB.

Unloading 39 unused Assets to reduce memory usage. Loaded Objects now: 3140.
Total: 3.634200 ms (FindLiveObjects: 0.278900 ms CreateObjectMapping: 0.174200 ms MarkObjects: 1.709400 ms  DeleteObjects: 1.470500 ms)

========================================================================
Received Prepare
Registering precompiled user dll's ...
Registered in 0.001632 seconds.
Begin MonoManager ReloadAssembly
Native extension for WindowsStandalone target not found
Refreshing native plugins compatible for Editor in 0.47 ms, found 0 plugins.
Preloading 0 native plugins for Editor in 0.00 ms.
Invoked RoslynAnalysisRunner static constructor.
RoslynAnalysisRunner will not be running.
RoslynAnalysisRunner has terminated.
Mono: successfully reloaded assembly
- Completed reload, in  0.934 seconds
Platform modules already initialized, skipping
Shader 'Universal Render Pipeline/Particles/Lit': fallback shader 'Universal Render Pipeline/Particles/SimpleLit' not found
Shader 'Universal Render Pipeline/Particles/Lit': fallback shader 'Universal Render Pipeline/Particles/SimpleLit' not found
Refreshing native plugins compatible for Editor in 0.47 ms, found 0 plugins.
Preloading 0 native plugins for Editor in 0.00 ms.
Unloading 2550 Unused Serialized files (Serialized files now loaded: 0)
System memory in use before: 123.8 MB.
System memory in use after: 121.6 MB.

Unloading 39 unused Assets to reduce memory usage. Loaded Objects now: 3143.
Total: 4.904900 ms (FindLiveObjects: 0.354900 ms CreateObjectMapping: 0.174100 ms MarkObjects: 2.667500 ms  DeleteObjects: 1.706300 ms)

========================================================================
Received Prepare
Registering precompiled user dll's ...
Registered in 0.001636 seconds.
Begin MonoManager ReloadAssembly
Native extension for WindowsStandalone target not found
Refreshing native plugins compatible for Editor in 0.64 ms, found 0 plugins.
Preloading 0 native plugins for Editor in 0.00 ms.
Invoked RoslynAnalysisRunner static constructor.
RoslynAnalysisRunner will not be running.
RoslynAnalysisRunner has terminated.
Mono: successfully reloaded assembly
- Completed reload, in  0.925 seconds
Platform modules already initialized, skipping
Shader 'Universal Render Pipeline/Particles/Lit': fallback shader 'Universal Render Pipeline/Particles/SimpleLit' not found
Shader 'Universal Render Pipeline/Particles/Lit': fallback shader 'Universal Render Pipeline/Particles/SimpleLit' not found
Refreshing native plugins compatible for Editor in 0.47 ms, found 0 plugins.
Preloading 0 native plugins for Editor in 0.00 ms.
Unloading 2550 Unused Serialized files (Serialized files now loaded: 0)
System memory in use before: 123.8 MB.
System memory in use after: 121.6 MB.

Unloading 39 unused Assets to reduce memory usage. Loaded Objects now: 3146.
Total: 3.737200 ms (FindLiveObjects: 0.336800 ms CreateObjectMapping: 0.168300 ms MarkObjects: 1.738600 ms  DeleteObjects: 1.492500 ms)

========================================================================
Received Prepare
Registering precompiled user dll's ...
Registered in 0.001612 seconds.
Begin MonoManager ReloadAssembly
Native extension for WindowsStandalone target not found
Refreshing native plugins compatible for Editor in 0.50 ms, found 0 plugins.
Preloading 0 native plugins for Editor in 0.00 ms.
Invoked RoslynAnalysisRunner static constructor.
RoslynAnalysisRunner will not be running.
RoslynAnalysisRunner has terminated.
Mono: successfully reloaded assembly
- Completed reload, in  0.957 seconds
Platform modules already initialized, skipping
Shader 'Universal Render Pipeline/Particles/Lit': fallback shader 'Universal Render Pipeline/Particles/SimpleLit' not found
Shader 'Universal Render Pipeline/Particles/Lit': fallback shader 'Universal Render Pipeline/Particles/SimpleLit' not found
Refreshing native plugins compatible for Editor in 0.50 ms, found 0 plugins.
Preloading 0 native plugins for Editor in 0.00 ms.
Unloading 2550 Unused Serialized files (Serialized files now loaded: 0)
System memory in use before: 123.8 MB.
System memory in use after: 121.6 MB.

Unloading 39 unused Assets to reduce memory usage. Loaded Objects now: 3149.
Total: 4.393400 ms (FindLiveObjects: 0.325300 ms CreateObjectMapping: 0.232300 ms MarkObjects: 2.339300 ms  DeleteObjects: 1.495400 ms)

========================================================================
Received Prepare
Registering precompiled user dll's ...
Registered in 0.001682 seconds.
Begin MonoManager ReloadAssembly
Native extension for WindowsStandalone target not found
Refreshing native plugins compatible for Editor in 0.49 ms, found 0 plugins.
Preloading 0 native plugins for Editor in 0.00 ms.
Invoked RoslynAnalysisRunner static constructor.
RoslynAnalysisRunner will not be running.
RoslynAnalysisRunner has terminated.
Mono: successfully reloaded assembly
- Completed reload, in  0.979 seconds
Platform modules already initialized, skipping
Shader 'Universal Render Pipeline/Particles/Lit': fallback shader 'Universal Render Pipeline/Particles/SimpleLit' not found
Shader 'Universal Render Pipeline/Particles/Lit': fallback shader 'Universal Render Pipeline/Particles/SimpleLit' not found
Refreshing native plugins compatible for Editor in 0.59 ms, found 0 plugins.
Preloading 0 native plugins for Editor in 0.00 ms.
Unloading 2550 Unused Serialized files (Serialized files now loaded: 0)
System memory in use before: 123.8 MB.
System memory in use after: 121.6 MB.

Unloading 39 unused Assets to reduce memory usage. Loaded Objects now: 3152.
Total: 4.118300 ms (FindLiveObjects: 0.330600 ms CreateObjectMapping: 0.163500 ms MarkObjects: 1.972500 ms  DeleteObjects: 1.650700 ms)

========================================================================
Received Prepare
Registering precompiled user dll's ...
Registered in 0.002196 seconds.
Begin MonoManager ReloadAssembly
Native extension for WindowsStandalone target not found
Refreshing native plugins compatible for Editor in 0.48 ms, found 0 plugins.
Preloading 0 native plugins for Editor in 0.00 ms.
Invoked RoslynAnalysisRunner static constructor.
RoslynAnalysisRunner will not be running.
RoslynAnalysisRunner has terminated.
Mono: successfully reloaded assembly
- Completed reload, in  0.921 seconds
Platform modules already initialized, skipping
Shader 'Universal Render Pipeline/Particles/Lit': fallback shader 'Universal Render Pipeline/Particles/SimpleLit' not found
Shader 'Universal Render Pipeline/Particles/Lit': fallback shader 'Universal Render Pipeline/Particles/SimpleLit' not found
Refreshing native plugins compatible for Editor in 0.47 ms, found 0 plugins.
Preloading 0 native plugins for Editor in 0.00 ms.
Unloading 2550 Unused Serialized files (Serialized files now loaded: 0)
System memory in use before: 123.8 MB.
System memory in use after: 121.6 MB.

Unloading 39 unused Assets to reduce memory usage. Loaded Objects now: 3155.
Total: 4.253700 ms (FindLiveObjects: 0.290600 ms CreateObjectMapping: 0.142100 ms MarkObjects: 1.941900 ms  DeleteObjects: 1.877400 ms)

========================================================================
Received Prepare
Registering precompiled user dll's ...
Registered in 0.001568 seconds.
Begin MonoManager ReloadAssembly
Native extension for WindowsStandalone target not found
Refreshing native plugins compatible for Editor in 0.49 ms, found 0 plugins.
Preloading 0 native plugins for Editor in 0.00 ms.
Invoked RoslynAnalysisRunner static constructor.
RoslynAnalysisRunner will not be running.
RoslynAnalysisRunner has terminated.
Mono: successfully reloaded assembly
- Completed reload, in  0.943 seconds
Platform modules already initialized, skipping
Shader 'Universal Render Pipeline/Particles/Lit': fallback shader 'Universal Render Pipeline/Particles/SimpleLit' not found
Shader 'Universal Render Pipeline/Particles/Lit': fallback shader 'Universal Render Pipeline/Particles/SimpleLit' not found
Refreshing native plugins compatible for Editor in 0.47 ms, found 0 plugins.
Preloading 0 native plugins for Editor in 0.00 ms.
Unloading 2550 Unused Serialized files (Serialized files now loaded: 0)
System memory in use before: 123.8 MB.
System memory in use after: 121.6 MB.

Unloading 39 unused Assets to reduce memory usage. Loaded Objects now: 3158.
Total: 4.067800 ms (FindLiveObjects: 0.313500 ms CreateObjectMapping: 0.153100 ms MarkObjects: 2.088600 ms  DeleteObjects: 1.511300 ms)

========================================================================
Received Prepare
Registering precompiled user dll's ...
Registered in 0.001584 seconds.
Begin MonoManager ReloadAssembly
Native extension for WindowsStandalone target not found
Refreshing native plugins compatible for Editor in 0.46 ms, found 0 plugins.
Preloading 0 native plugins for Editor in 0.00 ms.
Invoked RoslynAnalysisRunner static constructor.
RoslynAnalysisRunner will not be running.
RoslynAnalysisRunner has terminated.
Mono: successfully reloaded assembly
- Completed reload, in  0.973 seconds
Platform modules already initialized, skipping
Shader 'Universal Render Pipeline/Particles/Lit': fallback shader 'Universal Render Pipeline/Particles/SimpleLit' not found
Shader 'Universal Render Pipeline/Particles/Lit': fallback shader 'Universal Render Pipeline/Particles/SimpleLit' not found
Refreshing native plugins compatible for Editor in 0.46 ms, found 0 plugins.
Preloading 0 native plugins for Editor in 0.00 ms.
Unloading 2550 Unused Serialized files (Serialized files now loaded: 0)
System memory in use before: 123.8 MB.
System memory in use after: 121.7 MB.

Unloading 39 unused Assets to reduce memory usage. Loaded Objects now: 3161.
Total: 3.576200 ms (FindLiveObjects: 0.304200 ms CreateObjectMapping: 0.160000 ms MarkObjects: 1.724100 ms  DeleteObjects: 1.386900 ms)

========================================================================
Received Prepare
Registering precompiled user dll's ...
Registered in 0.001602 seconds.
Begin MonoManager ReloadAssembly
Native extension for WindowsStandalone target not found
Refreshing native plugins compatible for Editor in 0.56 ms, found 0 plugins.
Preloading 0 native plugins for Editor in 0.00 ms.
Invoked RoslynAnalysisRunner static constructor.
RoslynAnalysisRunner will not be running.
RoslynAnalysisRunner has terminated.
Mono: successfully reloaded assembly
- Completed reload, in  0.957 seconds
Platform modules already initialized, skipping
Shader 'Universal Render Pipeline/Particles/Lit': fallback shader 'Universal Render Pipeline/Particles/SimpleLit' not found
Shader 'Universal Render Pipeline/Particles/Lit': fallback shader 'Universal Render Pipeline/Particles/SimpleLit' not found
Refreshing native plugins compatible for Editor in 0.50 ms, found 0 plugins.
Preloading 0 native plugins for Editor in 0.00 ms.
Unloading 2550 Unused Serialized files (Serialized files now loaded: 0)
System memory in use before: 123.8 MB.
System memory in use after: 121.7 MB.

Unloading 39 unused Assets to reduce memory usage. Loaded Objects now: 3164.
Total: 3.632200 ms (FindLiveObjects: 0.313000 ms CreateObjectMapping: 0.142700 ms MarkObjects: 1.715200 ms  DeleteObjects: 1.460100 ms)

========================================================================
Received Prepare
Registering precompiled user dll's ...
Registered in 0.001684 seconds.
Begin MonoManager ReloadAssembly
Native extension for WindowsStandalone target not found
Refreshing native plugins compatible for Editor in 0.47 ms, found 0 plugins.
Preloading 0 native plugins for Editor in 0.00 ms.
Invoked RoslynAnalysisRunner static constructor.
RoslynAnalysisRunner will not be running.
RoslynAnalysisRunner has terminated.
Mono: successfully reloaded assembly
- Completed reload, in  1.008 seconds
Platform modules already initialized, skipping
Shader 'Universal Render Pipeline/Particles/Lit': fallback shader 'Universal Render Pipeline/Particles/SimpleLit' not found
Shader 'Universal Render Pipeline/Particles/Lit': fallback shader 'Universal Render Pipeline/Particles/SimpleLit' not found
Refreshing native plugins compatible for Editor in 0.86 ms, found 0 plugins.
Preloading 0 native plugins for Editor in 0.00 ms.
Unloading 2550 Unused Serialized files (Serialized files now loaded: 0)
System memory in use before: 123.8 MB.
System memory in use after: 121.6 MB.

Unloading 39 unused Assets to reduce memory usage. Loaded Objects now: 3167.
Total: 4.189500 ms (FindLiveObjects: 0.410400 ms CreateObjectMapping: 0.171000 ms MarkObjects: 1.987800 ms  DeleteObjects: 1.619200 ms)

========================================================================
Received Prepare
Registering precompiled user dll's ...
Registered in 0.001579 seconds.
Begin MonoManager ReloadAssembly
Native extension for WindowsStandalone target not found
Refreshing native plugins compatible for Editor in 0.55 ms, found 0 plugins.
Preloading 0 native plugins for Editor in 0.00 ms.
Invoked RoslynAnalysisRunner static constructor.
RoslynAnalysisRunner will not be running.
RoslynAnalysisRunner has terminated.
Mono: successfully reloaded assembly
- Completed reload, in  1.030 seconds
Platform modules already initialized, skipping
Shader 'Universal Render Pipeline/Particles/Lit': fallback shader 'Universal Render Pipeline/Particles/SimpleLit' not found
Shader 'Universal Render Pipeline/Particles/Lit': fallback shader 'Universal Render Pipeline/Particles/SimpleLit' not found
Refreshing native plugins compatible for Editor in 0.51 ms, found 0 plugins.
Preloading 0 native plugins for Editor in 0.00 ms.
Unloading 2550 Unused Serialized files (Serialized files now loaded: 0)
System memory in use before: 123.8 MB.
System memory in use after: 121.6 MB.

Unloading 39 unused Assets to reduce memory usage. Loaded Objects now: 3170.
Total: 7.098000 ms (FindLiveObjects: 0.422700 ms CreateObjectMapping: 0.245000 ms MarkObjects: 2.589700 ms  DeleteObjects: 3.838400 ms)

========================================================================
Received Prepare
Registering precompiled user dll's ...
Registered in 0.002038 seconds.
Begin MonoManager ReloadAssembly
Native extension for WindowsStandalone target not found
Refreshing native plugins compatible for Editor in 0.46 ms, found 0 plugins.
Preloading 0 native plugins for Editor in 0.00 ms.
Invoked RoslynAnalysisRunner static constructor.
RoslynAnalysisRunner will not be running.
RoslynAnalysisRunner has terminated.
Mono: successfully reloaded assembly
- Completed reload, in  0.917 seconds
Platform modules already initialized, skipping
Shader 'Universal Render Pipeline/Particles/Lit': fallback shader 'Universal Render Pipeline/Particles/SimpleLit' not found
Shader 'Universal Render Pipeline/Particles/Lit': fallback shader 'Universal Render Pipeline/Particles/SimpleLit' not found
Refreshing native plugins compatible for Editor in 0.59 ms, found 0 plugins.
Preloading 0 native plugins for Editor in 0.00 ms.
Unloading 2550 Unused Serialized files (Serialized files now loaded: 0)
System memory in use before: 123.8 MB.
System memory in use after: 121.7 MB.

Unloading 39 unused Assets to reduce memory usage. Loaded Objects now: 3173.
Total: 4.147700 ms (FindLiveObjects: 0.303300 ms CreateObjectMapping: 0.153600 ms MarkObjects: 2.147700 ms  DeleteObjects: 1.541600 ms)

========================================================================
Received Prepare
Registering precompiled user dll's ...
Registered in 0.001571 seconds.
Begin MonoManager ReloadAssembly
Native extension for WindowsStandalone target not found
Refreshing native plugins compatible for Editor in 0.46 ms, found 0 plugins.
Preloading 0 native plugins for Editor in 0.00 ms.
Invoked RoslynAnalysisRunner static constructor.
RoslynAnalysisRunner will not be running.
RoslynAnalysisRunner has terminated.
Mono: successfully reloaded assembly
- Completed reload, in  0.958 seconds
Platform modules already initialized, skipping
Shader 'Universal Render Pipeline/Particles/Lit': fallback shader 'Universal Render Pipeline/Particles/SimpleLit' not found
Shader 'Universal Render Pipeline/Particles/Lit': fallback shader 'Universal Render Pipeline/Particles/SimpleLit' not found
Refreshing native plugins compatible for Editor in 0.49 ms, found 0 plugins.
Preloading 0 native plugins for Editor in 0.00 ms.
Unloading 2550 Unused Serialized files (Serialized files now loaded: 0)
System memory in use before: 123.8 MB.
System memory in use after: 121.7 MB.

Unloading 39 unused Assets to reduce memory usage. Loaded Objects now: 3176.
Total: 5.045300 ms (FindLiveObjects: 0.274700 ms CreateObjectMapping: 0.135700 ms MarkObjects: 2.784600 ms  DeleteObjects: 1.848700 ms)

========================================================================
Received Prepare
Registering precompiled user dll's ...
Registered in 0.001612 seconds.
Begin MonoManager ReloadAssembly
Native extension for WindowsStandalone target not found
Refreshing native plugins compatible for Editor in 0.78 ms, found 0 plugins.
Preloading 0 native plugins for Editor in 0.00 ms.
Invoked RoslynAnalysisRunner static constructor.
RoslynAnalysisRunner will not be running.
RoslynAnalysisRunner has terminated.
Mono: successfully reloaded assembly
- Completed reload, in  0.955 seconds
Platform modules already initialized, skipping
Shader 'Universal Render Pipeline/Particles/Lit': fallback shader 'Universal Render Pipeline/Particles/SimpleLit' not found
Shader 'Universal Render Pipeline/Particles/Lit': fallback shader 'Universal Render Pipeline/Particles/SimpleLit' not found
Refreshing native plugins compatible for Editor in 0.53 ms, found 0 plugins.
Preloading 0 native plugins for Editor in 0.00 ms.
Unloading 2550 Unused Serialized files (Serialized files now loaded: 0)
System memory in use before: 123.8 MB.
System memory in use after: 121.6 MB.

Unloading 39 unused Assets to reduce memory usage. Loaded Objects now: 3179.
Total: 6.189100 ms (FindLiveObjects: 0.396700 ms CreateObjectMapping: 0.212300 ms MarkObjects: 3.074200 ms  DeleteObjects: 2.503700 ms)

========================================================================
Received Prepare
Registering precompiled user dll's ...
Registered in 0.001801 seconds.
Begin MonoManager ReloadAssembly
Native extension for WindowsStandalone target not found
Refreshing native plugins compatible for Editor in 0.50 ms, found 0 plugins.
Preloading 0 native plugins for Editor in 0.00 ms.
Invoked RoslynAnalysisRunner static constructor.
RoslynAnalysisRunner will not be running.
RoslynAnalysisRunner has terminated.
Mono: successfully reloaded assembly
- Completed reload, in  1.049 seconds
Platform modules already initialized, skipping
Shader 'Universal Render Pipeline/Particles/Lit': fallback shader 'Universal Render Pipeline/Particles/SimpleLit' not found
Shader 'Universal Render Pipeline/Particles/Lit': fallback shader 'Universal Render Pipeline/Particles/SimpleLit' not found
Refreshing native plugins compatible for Editor in 0.47 ms, found 0 plugins.
Preloading 0 native plugins for Editor in 0.00 ms.
Unloading 2550 Unused Serialized files (Serialized files now loaded: 0)
System memory in use before: 123.8 MB.
System memory in use after: 121.7 MB.

Unloading 39 unused Assets to reduce memory usage. Loaded Objects now: 3182.
Total: 3.575100 ms (FindLiveObjects: 0.290500 ms CreateObjectMapping: 0.136600 ms MarkObjects: 1.673100 ms  DeleteObjects: 1.473900 ms)

========================================================================
Received Import Request.
  Time since last request: 4153.416070 seconds.
  path: Assets/Prefabs/Sets/BambalinasDer.prefab
  artifactKey: Guid(fca896c9dc2c78645a44bba29be8eb0d) Importer(815301076,1909f56bfc062723c751e8b465ee728b)
Start importing Assets/Prefabs/Sets/BambalinasDer.prefab using Guid(fca896c9dc2c78645a44bba29be8eb0d) Importer(815301076,1909f56bfc062723c751e8b465ee728b)  -> (artifact id: 'f5c4b7b0ef56759acd2d4ea7f3d9604a') in 1.852379 seconds
  Import took 1.888634 seconds .

========================================================================
Received Import Request.
  Time since last request: 0.000269 seconds.
  path: Assets/Prefabs/Sets/AlmacenAtrezzo.prefab
  artifactKey: Guid(9231328ba5e2137458974219711c1ba0) Importer(815301076,1909f56bfc062723c751e8b465ee728b)
Start importing Assets/Prefabs/Sets/AlmacenAtrezzo.prefab using Guid(9231328ba5e2137458974219711c1ba0) Importer(815301076,1909f56bfc062723c751e8b465ee728b)  -> (artifact id: '3303cecbfccd93661e71637e66dfba64') in 0.567814 seconds
  Import took 0.598469 seconds .

========================================================================
Received Import Request.
  Time since last request: 51.547087 seconds.
  path: Assets/Prefabs/Sets/BambalinasIzq.prefab
  artifactKey: Guid(d3b859acb58dd5e4d8698e90c72227aa) Importer(815301076,1909f56bfc062723c751e8b465ee728b)
Start importing Assets/Prefabs/Sets/BambalinasIzq.prefab using Guid(d3b859acb58dd5e4d8698e90c72227aa) Importer(815301076,1909f56bfc062723c751e8b465ee728b)  -> (artifact id: '8c27f9e747b11a94c464d53b69eba0ca') in 0.650711 seconds
  Import took 0.668025 seconds .

========================================================================
Received Import Request.
  Time since last request: 2.808468 seconds.
  path: Assets/Prefabs/Sets/AlmacenAtrezzo.prefab
  artifactKey: Guid(9231328ba5e2137458974219711c1ba0) Importer(815301076,1909f56bfc062723c751e8b465ee728b)
Start importing Assets/Prefabs/Sets/AlmacenAtrezzo.prefab using Guid(9231328ba5e2137458974219711c1ba0) Importer(815301076,1909f56bfc062723c751e8b465ee728b)  -> (artifact id: 'bedd151509ca84256bfe3c17cbeb490f') in 0.158314 seconds
  Import took 0.176158 seconds .

========================================================================
Received Import Request.
  Time since last request: 69.961284 seconds.
  path: Assets/Prefabs/Sets/Bao.prefab
  artifactKey: Guid(3c0b6b2201c559042b87826ea25acec3) Importer(815301076,1909f56bfc062723c751e8b465ee728b)
Start importing Assets/Prefabs/Sets/Bao.prefab using Guid(3c0b6b2201c559042b87826ea25acec3) Importer(815301076,1909f56bfc062723c751e8b465ee728b)  -> (artifact id: '433ca231522e8245507e1d79cc508d1b') in 0.444239 seconds
  Import took 0.478619 seconds .

========================================================================
Received Import Request.
  Time since last request: 29.270806 seconds.
  path: Assets/Prefabs/Sets/Camerino1.prefab
  artifactKey: Guid(5f26d6fd891e848459c702d6f439701b) Importer(815301076,1909f56bfc062723c751e8b465ee728b)
Start importing Assets/Prefabs/Sets/Camerino1.prefab using Guid(5f26d6fd891e848459c702d6f439701b) Importer(815301076,1909f56bfc062723c751e8b465ee728b)  -> (artifact id: '4a452adff9cbaf52a220eb9ed32ff8a9') in 0.427203 seconds
  Import took 0.445143 seconds .

========================================================================
Received Import Request.
  Time since last request: 60.959399 seconds.
  path: Assets/Prefabs/Sets/DetrasEscenario.prefab
  artifactKey: Guid(8806134616a758f40bf5f833f707670d) Importer(815301076,1909f56bfc062723c751e8b465ee728b)
Start importing Assets/Prefabs/Sets/DetrasEscenario.prefab using Guid(8806134616a758f40bf5f833f707670d) Importer(815301076,1909f56bfc062723c751e8b465ee728b)  -> (artifact id: 'ba61a0de30551e14d3706452a2278005') in 0.662234 seconds
  Import took 0.682669 seconds .

========================================================================
Received Import Request.
  Time since last request: 16.178233 seconds.
  path: Assets/Prefabs/Sets/EscenarioVacio.prefab
  artifactKey: Guid(7900173482452474badf647bd85d6936) Importer(815301076,1909f56bfc062723c751e8b465ee728b)
Start importing Assets/Prefabs/Sets/EscenarioVacio.prefab using Guid(7900173482452474badf647bd85d6936) Importer(815301076,1909f56bfc062723c751e8b465ee728b)  -> (artifact id: 'bc614e7f9e97d10fe3d7f002052a6b39') in 0.146457 seconds
  Import took 0.164282 seconds .

========================================================================
Received Import Request.
  Time since last request: 1.260455 seconds.
  path: Assets/Prefabs/Sets/DetrasEscenario.prefab
  artifactKey: Guid(8806134616a758f40bf5f833f707670d) Importer(815301076,1909f56bfc062723c751e8b465ee728b)
Start importing Assets/Prefabs/Sets/DetrasEscenario.prefab using Guid(8806134616a758f40bf5f833f707670d) Importer(815301076,1909f56bfc062723c751e8b465ee728b)  -> (artifact id: '0cd65f04d676bf607975347a3064ae93') in 0.149771 seconds
  Import took 0.177272 seconds .

========================================================================
Received Import Request.
  Time since last request: 11.281885 seconds.
  path: Assets/Prefabs/Sets/Pasillo1.prefab
  artifactKey: Guid(1e9a6ffe9f4ec8e4dae12c019b653a44) Importer(815301076,1909f56bfc062723c751e8b465ee728b)
Start importing Assets/Prefabs/Sets/Pasillo1.prefab using Guid(1e9a6ffe9f4ec8e4dae12c019b653a44) Importer(815301076,1909f56bfc062723c751e8b465ee728b)  -> (artifact id: '475af1d3752267446e832454dc1e8250') in 0.582965 seconds
  Import took 0.610141 seconds .

========================================================================
Received Import Request.
  Time since last request: 213.565278 seconds.
  path: Assets/Prefabs/Sets/Pasillo2.prefab
  artifactKey: Guid(b4dadd5a2bd95c74580cda420603e4b8) Importer(815301076,1909f56bfc062723c751e8b465ee728b)
Start importing Assets/Prefabs/Sets/Pasillo2.prefab using Guid(b4dadd5a2bd95c74580cda420603e4b8) Importer(815301076,1909f56bfc062723c751e8b465ee728b)  -> (artifact id: 'b24559d135ec5a360f2beed640056d49') in 0.525846 seconds
  Import took 0.553240 seconds .

========================================================================
Received Import Request.
  Time since last request: 55.590408 seconds.
  path: Assets/Prefabs/Sets/TallerAtrezzo.prefab
  artifactKey: Guid(d03328b1bf954cf49a8a4be30101fb73) Importer(815301076,1909f56bfc062723c751e8b465ee728b)
Start importing Assets/Prefabs/Sets/TallerAtrezzo.prefab using Guid(d03328b1bf954cf49a8a4be30101fb73) Importer(815301076,1909f56bfc062723c751e8b465ee728b)  -> (artifact id: '8e672ae4cf50784d9aca7a1451adbb34') in 0.851484 seconds
  Import took 0.882574 seconds .

========================================================================
Received Import Request.
  Time since last request: 4.751695 seconds.
  path: Assets/Prefabs/Sets/TallerVestuario.prefab
  artifactKey: Guid(9c938bf5681f6934bb612a28584bad9e) Importer(815301076,1909f56bfc062723c751e8b465ee728b)
Start importing Assets/Prefabs/Sets/TallerVestuario.prefab using Guid(9c938bf5681f6934bb612a28584bad9e) Importer(815301076,1909f56bfc062723c751e8b465ee728b)  -> (artifact id: 'db50916f24b1b2288913fb05f827d78c') in 0.833724 seconds
  Import took 0.852015 seconds .

========================================================================
Received Import Request.
  Time since last request: 10.671467 seconds.
  path: Assets/Prefabs/Sets/TallerVestuario.prefab
  artifactKey: Guid(9c938bf5681f6934bb612a28584bad9e) Importer(815301076,1909f56bfc062723c751e8b465ee728b)
Start importing Assets/Prefabs/Sets/TallerVestuario.prefab using Guid(9c938bf5681f6934bb612a28584bad9e) Importer(815301076,1909f56bfc062723c751e8b465ee728b)  -> (artifact id: '87cd0818cd485bf9056b8c1f56ab9581') in 0.167322 seconds
  Import took 0.206400 seconds .

========================================================================
Received Import Request.
  Time since last request: 0.977511 seconds.
  path: Assets/Prefabs/Sets/ZonaEmpleados.prefab
  artifactKey: Guid(6480b1c5c38d49c4992e0d9c5471f2db) Importer(815301076,1909f56bfc062723c751e8b465ee728b)
Start importing Assets/Prefabs/Sets/ZonaEmpleados.prefab using Guid(6480b1c5c38d49c4992e0d9c5471f2db) Importer(815301076,1909f56bfc062723c751e8b465ee728b)  -> (artifact id: '6d384d4d559f44bb594d71725cf1221d') in 0.631082 seconds
  Import took 0.648933 seconds .

========================================================================
Received Prepare
Registering precompiled user dll's ...
Registered in 0.001850 seconds.
Begin MonoManager ReloadAssembly
Native extension for WindowsStandalone target not found
Refreshing native plugins compatible for Editor in 0.76 ms, found 0 plugins.
Preloading 0 native plugins for Editor in 0.00 ms.
Invoked RoslynAnalysisRunner static constructor.
RoslynAnalysisRunner will not be running.
RoslynAnalysisRunner has terminated.
Mono: successfully reloaded assembly
- Completed reload, in  1.189 seconds
Platform modules already initialized, skipping
Shader 'Universal Render Pipeline/Particles/Lit': fallback shader 'Universal Render Pipeline/Particles/SimpleLit' not found
Shader 'Universal Render Pipeline/Particles/Lit': fallback shader 'Universal Render Pipeline/Particles/SimpleLit' not found
Refreshing native plugins compatible for Editor in 2.74 ms, found 0 plugins.
Preloading 0 native plugins for Editor in 0.00 ms.
Unloading 2550 Unused Serialized files (Serialized files now loaded: 0)
System memory in use before: 144.9 MB.
System memory in use after: 142.7 MB.

Unloading 39 unused Assets to reduce memory usage. Loaded Objects now: 3231.
Total: 4.435500 ms (FindLiveObjects: 0.397000 ms CreateObjectMapping: 0.301200 ms MarkObjects: 2.210000 ms  DeleteObjects: 1.525800 ms)

========================================================================
Received Prepare
Registering precompiled user dll's ...
Registered in 0.001760 seconds.
Begin MonoManager ReloadAssembly
Native extension for WindowsStandalone target not found
Refreshing native plugins compatible for Editor in 0.47 ms, found 0 plugins.
Preloading 0 native plugins for Editor in 0.00 ms.
Invoked RoslynAnalysisRunner static constructor.
RoslynAnalysisRunner will not be running.
RoslynAnalysisRunner has terminated.
Mono: successfully reloaded assembly
- Completed reload, in  1.063 seconds
Platform modules already initialized, skipping
Shader 'Universal Render Pipeline/Particles/Lit': fallback shader 'Universal Render Pipeline/Particles/SimpleLit' not found
Shader 'Universal Render Pipeline/Particles/Lit': fallback shader 'Universal Render Pipeline/Particles/SimpleLit' not found
Refreshing native plugins compatible for Editor in 0.46 ms, found 0 plugins.
Preloading 0 native plugins for Editor in 0.00 ms.
Unloading 2550 Unused Serialized files (Serialized files now loaded: 0)
System memory in use before: 144.9 MB.
System memory in use after: 142.7 MB.

Unloading 39 unused Assets to reduce memory usage. Loaded Objects now: 3234.
Total: 4.472600 ms (FindLiveObjects: 0.355500 ms CreateObjectMapping: 0.164700 ms MarkObjects: 2.190400 ms  DeleteObjects: 1.760100 ms)

========================================================================
Received Import Request.
  Time since last request: 220.678966 seconds.
  path: Assets/Prefabs/Sets/Pasillo1.prefab
  artifactKey: Guid(1e9a6ffe9f4ec8e4dae12c019b653a44) Importer(815301076,1909f56bfc062723c751e8b465ee728b)
Start importing Assets/Prefabs/Sets/Pasillo1.prefab using Guid(1e9a6ffe9f4ec8e4dae12c019b653a44) Importer(815301076,1909f56bfc062723c751e8b465ee728b)  -> (artifact id: '51761e09cdbd05f6abe99c788c86ee5a') in 0.606138 seconds
  Import took 0.652080 seconds .

========================================================================
Received Prepare
Registering precompiled user dll's ...
Registered in 0.001606 seconds.
Begin MonoManager ReloadAssembly
Native extension for WindowsStandalone target not found
Refreshing native plugins compatible for Editor in 0.52 ms, found 0 plugins.
Preloading 0 native plugins for Editor in 0.00 ms.
Invoked RoslynAnalysisRunner static constructor.
RoslynAnalysisRunner will not be running.
RoslynAnalysisRunner has terminated.
Mono: successfully reloaded assembly
- Completed reload, in  1.119 seconds
Platform modules already initialized, skipping
Shader 'Universal Render Pipeline/Particles/Lit': fallback shader 'Universal Render Pipeline/Particles/SimpleLit' not found
Shader 'Universal Render Pipeline/Particles/Lit': fallback shader 'Universal Render Pipeline/Particles/SimpleLit' not found
Refreshing native plugins compatible for Editor in 0.48 ms, found 0 plugins.
Preloading 0 native plugins for Editor in 0.00 ms.
Unloading 2550 Unused Serialized files (Serialized files now loaded: 0)
System memory in use before: 145.1 MB.
System memory in use after: 142.9 MB.

Unloading 39 unused Assets to reduce memory usage. Loaded Objects now: 3273.
Total: 6.434000 ms (FindLiveObjects: 0.340700 ms CreateObjectMapping: 0.846700 ms MarkObjects: 3.598500 ms  DeleteObjects: 1.646700 ms)

