Using pre-set license
Built from '2020.2/staging' branch; Version is '2020.2.7f1 (c53830e277f1) revision 12924976'; Using compiler version '192528614'; Build Type 'Release'
OS: 'Windows 10 Home; OS build 19041.985; Version 2004; 64bit' Language: 'es' Physical Memory: 8143 MB
BatchMode: 1, IsHumanControllingUs: 0, StartBugReporterOnCrash: 0, Is64bit: 1, IsPro: 0

 COMMAND LINE ARGUMENTS:
C:\Program Files\Unity\Hub\Editor\2020.2.7f1\Editor\Unity.exe
-adb2
-batchMode
-noUpm
-name
AssetImportWorker0
-projectPath
C:/Users/halva/Desktop/ALVARO/TFG/TFGProjectURP
-logFile
Logs/AssetImportWorker0.log
-srvPort
55019
Successfully changed project path to: C:/Users/halva/Desktop/ALVARO/TFG/TFGProjectURP
C:/Users/halva/Desktop/ALVARO/TFG/TFGProjectURP
Using Asset Import Pipeline V2.
Refreshing native plugins compatible for Editor in 70.95 ms, found 1 plugins.
Preloading 0 native plugins for Editor in 0.00 ms.
Initialize engine version: 2020.2.7f1 (c53830e277f1)
[Subsystems] Discovering subsystems at path C:/Program Files/Unity/Hub/Editor/2020.2.7f1/Editor/Data/Resources/UnitySubsystems
[Subsystems] Discovering subsystems at path C:/Users/halva/Desktop/ALVARO/TFG/TFGProjectURP/Assets
GfxDevice: creating device client; threaded=0
Direct3D:
    Version:  Direct3D 11.0 [level 11.1]
    Renderer: NVIDIA GeForce GTX 1060 6GB (ID=0x1c03)
    Vendor:   
    VRAM:     6052 MB
    Driver:   27.21.14.5671
Initialize mono
Mono path[0] = 'C:/Program Files/Unity/Hub/Editor/2020.2.7f1/Editor/Data/Managed'
Mono path[1] = 'C:/Program Files/Unity/Hub/Editor/2020.2.7f1/Editor/Data/MonoBleedingEdge/lib/mono/unityjit'
Mono config path = 'C:/Program Files/Unity/Hub/Editor/2020.2.7f1/Editor/Data/MonoBleedingEdge/etc'
Using monoOptions --debugger-agent=transport=dt_socket,embedding=1,server=y,suspend=n,address=127.0.0.1:56004
Begin MonoManager ReloadAssembly
Registering precompiled unity dll's ...
Register platform support module: C:/Program Files/Unity/Hub/Editor/2020.2.7f1/Editor/Data/PlaybackEngines/WindowsStandaloneSupport/UnityEditor.WindowsStandalone.Extensions.dll
Registered in 0.002248 seconds.
Native extension for WindowsStandalone target not found
Refreshing native plugins compatible for Editor in 64.25 ms, found 1 plugins.
Preloading 0 native plugins for Editor in 0.00 ms.
Invoked RoslynAnalysisRunner static constructor.
RoslynAnalysisRunner will not be running.
RoslynAnalysisRunner has terminated.
Mono: successfully reloaded assembly
- Completed reload, in  1.241 seconds
Platform modules already initialized, skipping
Registering precompiled user dll's ...
Registered in 0.001901 seconds.
Begin MonoManager ReloadAssembly
Native extension for WindowsStandalone target not found
Refreshing native plugins compatible for Editor in 68.68 ms, found 1 plugins.
Preloading 0 native plugins for Editor in 0.00 ms.
Invoked RoslynAnalysisRunner static constructor.
RoslynAnalysisRunner will not be running.
RoslynAnalysisRunner has terminated.
Mono: successfully reloaded assembly
- Completed reload, in  1.078 seconds
Platform modules already initialized, skipping
========================================================================
Worker process is ready to serve import requests
Shader 'Universal Render Pipeline/Particles/Lit': fallback shader 'Universal Render Pipeline/Particles/SimpleLit' not found
Shader 'Universal Render Pipeline/Particles/Lit': fallback shader 'Universal Render Pipeline/Particles/SimpleLit' not found
Launched and connected shader compiler UnityShaderCompiler.exe after 0.04 seconds
Refreshing native plugins compatible for Editor in 0.60 ms, found 1 plugins.
Preloading 0 native plugins for Editor in 0.00 ms.
Unloading 2790 Unused Serialized files (Serialized files now loaded: 0)
System memory in use before: 134.9 MB.
System memory in use after: 132.2 MB.

Unloading 50 unused Assets to reduce memory usage. Loaded Objects now: 3204.
Total: 14.215900 ms (FindLiveObjects: 0.742800 ms CreateObjectMapping: 0.506900 ms MarkObjects: 6.389100 ms  DeleteObjects: 6.573000 ms)

========================================================================
Received Import Request.
  path: Assets/Models/Sets/ZonaEmpleados.fbx
  artifactKey: Guid(2dd89406260698f48b8d961494934bcc) Importer(815301076,1909f56bfc062723c751e8b465ee728b)
Start importing Assets/Models/Sets/ZonaEmpleados.fbx using Guid(2dd89406260698f48b8d961494934bcc) Importer(815301076,1909f56bfc062723c751e8b465ee728b)  -> (artifact id: 'e48fd06aed677d5f4eb765cfd8ddd3d1') in 1.189365 seconds
  Import took 1.223750 seconds .

========================================================================
Received Prepare
Registering precompiled user dll's ...
Registered in 0.001709 seconds.
Begin MonoManager ReloadAssembly
Native extension for WindowsStandalone target not found
Refreshing native plugins compatible for Editor in 71.21 ms, found 0 plugins.
Preloading 0 native plugins for Editor in 0.00 ms.
Invoked RoslynAnalysisRunner static constructor.
RoslynAnalysisRunner will not be running.
RoslynAnalysisRunner has terminated.
Mono: successfully reloaded assembly
- Completed reload, in  1.090 seconds
Platform modules already initialized, skipping
Shader 'Universal Render Pipeline/Particles/Lit': fallback shader 'Universal Render Pipeline/Particles/SimpleLit' not found
Shader 'Universal Render Pipeline/Particles/Lit': fallback shader 'Universal Render Pipeline/Particles/SimpleLit' not found
Refreshing native plugins compatible for Editor in 0.60 ms, found 0 plugins.
Preloading 0 native plugins for Editor in 0.00 ms.
Unloading 2652 Unused Serialized files (Serialized files now loaded: 0)
System memory in use before: 134.0 MB.
System memory in use after: 131.8 MB.

Unloading 64 unused Assets to reduce memory usage. Loaded Objects now: 3230.
Total: 7.426000 ms (FindLiveObjects: 0.567400 ms CreateObjectMapping: 0.313300 ms MarkObjects: 4.016200 ms  DeleteObjects: 2.527200 ms)

========================================================================
Received Prepare
Registering precompiled user dll's ...
Registered in 0.001868 seconds.
Begin MonoManager ReloadAssembly
Native extension for WindowsStandalone target not found
Refreshing native plugins compatible for Editor in 63.51 ms, found 1 plugins.
Preloading 0 native plugins for Editor in 0.00 ms.
Invoked RoslynAnalysisRunner static constructor.
RoslynAnalysisRunner will not be running.
RoslynAnalysisRunner has terminated.
Mono: successfully reloaded assembly
- Completed reload, in  1.029 seconds
Platform modules already initialized, skipping
Shader 'Universal Render Pipeline/Particles/Lit': fallback shader 'Universal Render Pipeline/Particles/SimpleLit' not found
Shader 'Universal Render Pipeline/Particles/Lit': fallback shader 'Universal Render Pipeline/Particles/SimpleLit' not found
Refreshing native plugins compatible for Editor in 0.62 ms, found 1 plugins.
Preloading 0 native plugins for Editor in 0.00 ms.
Unloading 2691 Unused Serialized files (Serialized files now loaded: 0)
System memory in use before: 135.7 MB.
System memory in use after: 133.0 MB.

Unloading 46 unused Assets to reduce memory usage. Loaded Objects now: 3258.
Total: 4.140600 ms (FindLiveObjects: 0.281300 ms CreateObjectMapping: 0.130100 ms MarkObjects: 1.896300 ms  DeleteObjects: 1.831600 ms)

========================================================================
Received Import Request.
  Time since last request: 117.752031 seconds.
  path: Assets/Models/Sets/RopeWithPhysics.abc
  artifactKey: Guid(bea4aa0479d84d44a80e10cb7890b100) Importer(815301076,1909f56bfc062723c751e8b465ee728b)
Start importing Assets/Models/Sets/RopeWithPhysics.abc using Guid(bea4aa0479d84d44a80e10cb7890b100) Importer(815301076,1909f56bfc062723c751e8b465ee728b)  -> (artifact id: '3738a6bcc39a6ed18fff85b333cbdcb4') in 0.356959 seconds
  Import took 0.403132 seconds .

========================================================================
Received Import Request.
  Time since last request: 21.577899 seconds.
  path: Assets/StreamingAssets/RopeWithPhysics.abc
  artifactKey: Guid(bea4aa0479d84d44a80e10cb7890b100) Importer(815301076,1909f56bfc062723c751e8b465ee728b)
Start importing Assets/StreamingAssets/RopeWithPhysics.abc using Guid(bea4aa0479d84d44a80e10cb7890b100) Importer(815301076,1909f56bfc062723c751e8b465ee728b)  -> (artifact id: '3bac2d4934587cc137bacbd0c1765890') in 0.003157 seconds
  Import took 0.031683 seconds .

========================================================================
Received Import Request.
  Time since last request: 24.023711 seconds.
  path: Assets/Models/Sets/RopeWithPhysics.abc
  artifactKey: Guid(bea4aa0479d84d44a80e10cb7890b100) Importer(815301076,1909f56bfc062723c751e8b465ee728b)
Start importing Assets/Models/Sets/RopeWithPhysics.abc using Guid(bea4aa0479d84d44a80e10cb7890b100) Importer(815301076,1909f56bfc062723c751e8b465ee728b)  -> (artifact id: '1f7a91390b17e02ebfc3160432d3f8c1') in 0.031199 seconds
  Import took 0.067210 seconds .

========================================================================
Received Import Request.
  Time since last request: 27.773188 seconds.
  path: Assets/StreamingAssets/RopeWithPhysics.abc
  artifactKey: Guid(e441a3dc523149a4daf4313a4b3e867e) Importer(815301076,1909f56bfc062723c751e8b465ee728b)
Start importing Assets/StreamingAssets/RopeWithPhysics.abc using Guid(e441a3dc523149a4daf4313a4b3e867e) Importer(815301076,1909f56bfc062723c751e8b465ee728b)  -> (artifact id: 'fb790c3b53a31cb49287f2bfcbc38115') in 0.003312 seconds
  Import took 0.041894 seconds .

========================================================================
Received Import Request.
  Time since last request: 12.480812 seconds.
  path: Assets/Models/Objs/RopeWithPhysics.abc
  artifactKey: Guid(bea4aa0479d84d44a80e10cb7890b100) Importer(815301076,1909f56bfc062723c751e8b465ee728b)
Start importing Assets/Models/Objs/RopeWithPhysics.abc using Guid(bea4aa0479d84d44a80e10cb7890b100) Importer(815301076,1909f56bfc062723c751e8b465ee728b)  -> (artifact id: 'a3e2a2cb2e4320e83538e61ea445ac98') in 0.021085 seconds
  Import took 0.068172 seconds .

========================================================================
Received Import Request.
  Time since last request: 0.010290 seconds.
  path: Assets/Models/Objs/RopeWithPhysics.abc
  artifactKey: Guid(bea4aa0479d84d44a80e10cb7890b100) Importer(815301076,1909f56bfc062723c751e8b465ee728b)
Start importing Assets/Models/Objs/RopeWithPhysics.abc using Guid(bea4aa0479d84d44a80e10cb7890b100) Importer(815301076,1909f56bfc062723c751e8b465ee728b)  -> (artifact id: 'a3e2a2cb2e4320e83538e61ea445ac98') in 0.025529 seconds
  Import took 0.031469 seconds .

========================================================================
Received Import Request.
  Time since last request: 247.125826 seconds.
  path: Assets/Models/Objs/RopeWithPhysics.abc
  artifactKey: Guid(bea4aa0479d84d44a80e10cb7890b100) Importer(815301076,1909f56bfc062723c751e8b465ee728b)
Start importing Assets/Models/Objs/RopeWithPhysics.abc using Guid(bea4aa0479d84d44a80e10cb7890b100) Importer(815301076,1909f56bfc062723c751e8b465ee728b)  -> (artifact id: '5863b8a6a9cbca8de37d94b469c3374a') in 0.040694 seconds
  Import took 0.069653 seconds .

========================================================================
Received Prepare
Registering precompiled user dll's ...
Registered in 0.151406 seconds.
Begin MonoManager ReloadAssembly
Native extension for WindowsStandalone target not found
Refreshing native plugins compatible for Editor in 0.81 ms, found 1 plugins.
Preloading 0 native plugins for Editor in 0.00 ms.
Invoked RoslynAnalysisRunner static constructor.
RoslynAnalysisRunner will not be running.
RoslynAnalysisRunner has terminated.
Mono: successfully reloaded assembly
- Completed reload, in  1.555 seconds
Platform modules already initialized, skipping
Shader 'Universal Render Pipeline/Particles/Lit': fallback shader 'Universal Render Pipeline/Particles/SimpleLit' not found
Shader 'Universal Render Pipeline/Particles/Lit': fallback shader 'Universal Render Pipeline/Particles/SimpleLit' not found
Refreshing native plugins compatible for Editor in 3.53 ms, found 1 plugins.
Preloading 0 native plugins for Editor in 0.00 ms.
Unloading 2691 Unused Serialized files (Serialized files now loaded: 0)
System memory in use before: 136.0 MB.
System memory in use after: 133.4 MB.

Unloading 45 unused Assets to reduce memory usage. Loaded Objects now: 3331.
Total: 4.688700 ms (FindLiveObjects: 0.300600 ms CreateObjectMapping: 0.155000 ms MarkObjects: 2.282700 ms  DeleteObjects: 1.948200 ms)

========================================================================
Received Prepare
Shader 'Universal Render Pipeline/Particles/Lit': fallback shader 'Universal Render Pipeline/Particles/SimpleLit' not found
Shader 'Universal Render Pipeline/Particles/Lit': fallback shader 'Universal Render Pipeline/Particles/SimpleLit' not found
Refreshing native plugins compatible for Editor in 346.20 ms, found 1 plugins.
Preloading 0 native plugins for Editor in 0.00 ms.
Unloading 42 Unused Serialized files (Serialized files now loaded: 0)
System memory in use before: 83.6 MB.
System memory in use after: 81.0 MB.

Unloading 42 unused Assets to reduce memory usage. Loaded Objects now: 3331.
Total: 20.053100 ms (FindLiveObjects: 0.838100 ms CreateObjectMapping: 0.470400 ms MarkObjects: 6.235600 ms  DeleteObjects: 12.505300 ms)

========================================================================
Received Prepare
Shader 'Universal Render Pipeline/Particles/Lit': fallback shader 'Universal Render Pipeline/Particles/SimpleLit' not found
Shader 'Universal Render Pipeline/Particles/Lit': fallback shader 'Universal Render Pipeline/Particles/SimpleLit' not found
Refreshing native plugins compatible for Editor in 183.14 ms, found 1 plugins.
Preloading 0 native plugins for Editor in 0.00 ms.
Unloading 42 Unused Serialized files (Serialized files now loaded: 0)
System memory in use before: 83.6 MB.
System memory in use after: 81.0 MB.

Unloading 42 unused Assets to reduce memory usage. Loaded Objects now: 3331.
Total: 23.564400 ms (FindLiveObjects: 1.980300 ms CreateObjectMapping: 0.529700 ms MarkObjects: 9.769000 ms  DeleteObjects: 11.280100 ms)

========================================================================
Received Import Request.
  Time since last request: 858.380801 seconds.
  path: Assets/Models/Objs/RopeWithPhysics 1.abc
  artifactKey: Guid(ab992b8f6f9e5334db808f69ee45b602) Importer(815301076,1909f56bfc062723c751e8b465ee728b)
Start importing Assets/Models/Objs/RopeWithPhysics 1.abc using Guid(ab992b8f6f9e5334db808f69ee45b602) Importer(815301076,1909f56bfc062723c751e8b465ee728b)  -> (artifact id: 'f2ee380c140d7ea410d011968ec3791d') in 0.398454 seconds
  Import took 0.456477 seconds .

========================================================================
Received Import Request.
  Time since last request: 8.553160 seconds.
  path: Assets/StreamingAssets/RopeWithPhysics 1.abc
  artifactKey: Guid(ab992b8f6f9e5334db808f69ee45b602) Importer(815301076,1909f56bfc062723c751e8b465ee728b)
Start importing Assets/StreamingAssets/RopeWithPhysics 1.abc using Guid(ab992b8f6f9e5334db808f69ee45b602) Importer(815301076,1909f56bfc062723c751e8b465ee728b)  -> (artifact id: '3e5b34a3b3d4c1cb867935997c22fd57') in 0.003507 seconds
  Import took 0.060948 seconds .

========================================================================
Received Import Request.
  Time since last request: 4.945163 seconds.
  path: Assets/StreamingAssets/RopeWithPhysics.abc
  artifactKey: Guid(ab992b8f6f9e5334db808f69ee45b602) Importer(815301076,1909f56bfc062723c751e8b465ee728b)
Start importing Assets/StreamingAssets/RopeWithPhysics.abc using Guid(ab992b8f6f9e5334db808f69ee45b602) Importer(815301076,1909f56bfc062723c751e8b465ee728b)  -> (artifact id: 'a205756ff946b7239985bcacdb5186c8') in 0.031110 seconds
  Import took 0.069064 seconds .

========================================================================
Received Import Request.
  Time since last request: 468.993519 seconds.
  path: Assets/Scripts/Others/MyAlembicStreamDescriptor.cs
  artifactKey: Guid(e4016404ef7dabb40b235e1890af65ff) Importer(815301076,1909f56bfc062723c751e8b465ee728b)
Start importing Assets/Scripts/Others/MyAlembicStreamDescriptor.cs using Guid(e4016404ef7dabb40b235e1890af65ff) Importer(815301076,1909f56bfc062723c751e8b465ee728b)  -> (artifact id: 'a1c5c1a24aaf37ef096d2517a7e46331') in 0.050569 seconds
  Import took 0.096854 seconds .

========================================================================
Received Prepare
Registering precompiled user dll's ...
Registered in 0.001921 seconds.
Begin MonoManager ReloadAssembly
Native extension for WindowsStandalone target not found
Refreshing native plugins compatible for Editor in 1.43 ms, found 1 plugins.
Preloading 0 native plugins for Editor in 0.00 ms.
Invoked RoslynAnalysisRunner static constructor.
RoslynAnalysisRunner will not be running.
RoslynAnalysisRunner has terminated.
Mono: successfully reloaded assembly
- Completed reload, in  1.194 seconds
Platform modules already initialized, skipping
Shader 'Universal Render Pipeline/Particles/Lit': fallback shader 'Universal Render Pipeline/Particles/SimpleLit' not found
Shader 'Universal Render Pipeline/Particles/Lit': fallback shader 'Universal Render Pipeline/Particles/SimpleLit' not found
Refreshing native plugins compatible for Editor in 0.69 ms, found 1 plugins.
Preloading 0 native plugins for Editor in 0.00 ms.
Unloading 2691 Unused Serialized files (Serialized files now loaded: 0)
System memory in use before: 136.0 MB.
System memory in use after: 133.5 MB.

Unloading 45 unused Assets to reduce memory usage. Loaded Objects now: 3371.
Total: 9.343600 ms (FindLiveObjects: 0.560000 ms CreateObjectMapping: 0.331000 ms MarkObjects: 5.298800 ms  DeleteObjects: 3.151700 ms)

========================================================================
Received Import Request.
  Time since last request: 610.384967 seconds.
  path: Assets/Scripts/Others/MyAlembicStreamDescriptor.cs
  artifactKey: Guid(e4016404ef7dabb40b235e1890af65ff) Importer(815301076,1909f56bfc062723c751e8b465ee728b)
Start importing Assets/Scripts/Others/MyAlembicStreamDescriptor.cs using Guid(e4016404ef7dabb40b235e1890af65ff) Importer(815301076,1909f56bfc062723c751e8b465ee728b)  -> (artifact id: '83cbfba49af3786483de4c442140351f') in 0.038074 seconds
  Import took 0.072696 seconds .

========================================================================
Received Prepare
Registering precompiled user dll's ...
Registered in 0.029322 seconds.
Begin MonoManager ReloadAssembly
Native extension for WindowsStandalone target not found
Refreshing native plugins compatible for Editor in 0.62 ms, found 1 plugins.
Preloading 0 native plugins for Editor in 0.00 ms.
Invoked RoslynAnalysisRunner static constructor.
RoslynAnalysisRunner will not be running.
RoslynAnalysisRunner has terminated.
Mono: successfully reloaded assembly
- Completed reload, in  1.100 seconds
Platform modules already initialized, skipping
Shader 'Universal Render Pipeline/Particles/Lit': fallback shader 'Universal Render Pipeline/Particles/SimpleLit' not found
Shader 'Universal Render Pipeline/Particles/Lit': fallback shader 'Universal Render Pipeline/Particles/SimpleLit' not found
Refreshing native plugins compatible for Editor in 0.63 ms, found 1 plugins.
Preloading 0 native plugins for Editor in 0.00 ms.
Unloading 2690 Unused Serialized files (Serialized files now loaded: 0)
System memory in use before: 136.0 MB.
System memory in use after: 133.5 MB.

Unloading 46 unused Assets to reduce memory usage. Loaded Objects now: 3373.
Total: 7.666400 ms (FindLiveObjects: 0.353400 ms CreateObjectMapping: 0.168500 ms MarkObjects: 4.635800 ms  DeleteObjects: 2.506400 ms)

========================================================================
Received Import Request.
  Time since last request: 345.097095 seconds.
  path: Assets/Scripts/SetManagement/SetBehaviors
  artifactKey: Guid(2781bd776bb9fea40a183d4460ad0b0f) Importer(815301076,1909f56bfc062723c751e8b465ee728b)
Start importing Assets/Scripts/SetManagement/SetBehaviors using Guid(2781bd776bb9fea40a183d4460ad0b0f) Importer(815301076,1909f56bfc062723c751e8b465ee728b)  -> (artifact id: 'aed8bfe40c3ac4ce1637fbcb08bd1324') in 0.016483 seconds
  Import took 0.055649 seconds .

========================================================================
Received Import Request.
  Time since last request: 1.404101 seconds.
  path: Assets/Scripts/SetManagement/InitialSetBehavior.cs
  artifactKey: Guid(55d4f4b4e5e7eff47b217515cfcb14c3) Importer(815301076,1909f56bfc062723c751e8b465ee728b)
Start importing Assets/Scripts/SetManagement/InitialSetBehavior.cs using Guid(55d4f4b4e5e7eff47b217515cfcb14c3) Importer(815301076,1909f56bfc062723c751e8b465ee728b)  -> (artifact id: '25e9a253d65f588aec500158582f1c01') in 0.007412 seconds
  Import took 0.078264 seconds .

========================================================================
Received Prepare
Registering precompiled user dll's ...
Registered in 0.002005 seconds.
Begin MonoManager ReloadAssembly
Native extension for WindowsStandalone target not found
Refreshing native plugins compatible for Editor in 0.79 ms, found 1 plugins.
Preloading 0 native plugins for Editor in 0.00 ms.
Invoked RoslynAnalysisRunner static constructor.
RoslynAnalysisRunner will not be running.
RoslynAnalysisRunner has terminated.
Mono: successfully reloaded assembly
- Completed reload, in  1.071 seconds
Platform modules already initialized, skipping
Shader 'Universal Render Pipeline/Particles/Lit': fallback shader 'Universal Render Pipeline/Particles/SimpleLit' not found
Shader 'Universal Render Pipeline/Particles/Lit': fallback shader 'Universal Render Pipeline/Particles/SimpleLit' not found
Refreshing native plugins compatible for Editor in 0.70 ms, found 1 plugins.
Preloading 0 native plugins for Editor in 0.00 ms.
Unloading 2690 Unused Serialized files (Serialized files now loaded: 0)
System memory in use before: 136.1 MB.
System memory in use after: 133.5 MB.

Unloading 45 unused Assets to reduce memory usage. Loaded Objects now: 3376.
Total: 4.419600 ms (FindLiveObjects: 0.303600 ms CreateObjectMapping: 0.127500 ms MarkObjects: 2.125300 ms  DeleteObjects: 1.861600 ms)

========================================================================
Received Import Request.
  Time since last request: 17.354071 seconds.
  path: Assets/Scripts/SetManagement/SetBehaviors/AlembicSetBehavior.cs
  artifactKey: Guid(05d1ac8cde03a7549b300103f8a0ca9e) Importer(815301076,1909f56bfc062723c751e8b465ee728b)
Start importing Assets/Scripts/SetManagement/SetBehaviors/AlembicSetBehavior.cs using Guid(05d1ac8cde03a7549b300103f8a0ca9e) Importer(815301076,1909f56bfc062723c751e8b465ee728b)  -> (artifact id: '404404d6607e287cc531c3ca125d8ae7') in 0.015821 seconds
  Import took 0.106662 seconds .

========================================================================
Received Prepare
Registering precompiled user dll's ...
Registered in 0.001985 seconds.
Begin MonoManager ReloadAssembly
Native extension for WindowsStandalone target not found
Refreshing native plugins compatible for Editor in 0.64 ms, found 1 plugins.
Preloading 0 native plugins for Editor in 0.00 ms.
Invoked RoslynAnalysisRunner static constructor.
RoslynAnalysisRunner will not be running.
RoslynAnalysisRunner has terminated.
Mono: successfully reloaded assembly
- Completed reload, in  1.074 seconds
Platform modules already initialized, skipping
Shader 'Universal Render Pipeline/Particles/Lit': fallback shader 'Universal Render Pipeline/Particles/SimpleLit' not found
Shader 'Universal Render Pipeline/Particles/Lit': fallback shader 'Universal Render Pipeline/Particles/SimpleLit' not found
Refreshing native plugins compatible for Editor in 0.84 ms, found 1 plugins.
Preloading 0 native plugins for Editor in 0.00 ms.
Unloading 2691 Unused Serialized files (Serialized files now loaded: 0)
System memory in use before: 136.1 MB.
System memory in use after: 133.5 MB.

Unloading 45 unused Assets to reduce memory usage. Loaded Objects now: 3380.
Total: 6.308500 ms (FindLiveObjects: 0.409800 ms CreateObjectMapping: 0.166600 ms MarkObjects: 3.419800 ms  DeleteObjects: 2.310400 ms)

========================================================================
Received Prepare
Registering precompiled user dll's ...
Registered in 0.001908 seconds.
Begin MonoManager ReloadAssembly
Native extension for WindowsStandalone target not found
Refreshing native plugins compatible for Editor in 0.79 ms, found 1 plugins.
Preloading 0 native plugins for Editor in 0.00 ms.
Invoked RoslynAnalysisRunner static constructor.
RoslynAnalysisRunner will not be running.
RoslynAnalysisRunner has terminated.
Mono: successfully reloaded assembly
- Completed reload, in  0.986 seconds
Platform modules already initialized, skipping
Shader 'Universal Render Pipeline/Particles/Lit': fallback shader 'Universal Render Pipeline/Particles/SimpleLit' not found
Shader 'Universal Render Pipeline/Particles/Lit': fallback shader 'Universal Render Pipeline/Particles/SimpleLit' not found
Refreshing native plugins compatible for Editor in 0.62 ms, found 1 plugins.
Preloading 0 native plugins for Editor in 0.00 ms.
Unloading 2691 Unused Serialized files (Serialized files now loaded: 0)
System memory in use before: 136.0 MB.
System memory in use after: 133.5 MB.

Unloading 45 unused Assets to reduce memory usage. Loaded Objects now: 3383.
Total: 8.856900 ms (FindLiveObjects: 0.926100 ms CreateObjectMapping: 0.468400 ms MarkObjects: 4.082100 ms  DeleteObjects: 3.377800 ms)

========================================================================
Received Import Request.
  Time since last request: 824.954172 seconds.
  path: Assets/Scripts/SetManagement/SetBehaviors/AlembicSetBehavior.cs
  artifactKey: Guid(05d1ac8cde03a7549b300103f8a0ca9e) Importer(815301076,1909f56bfc062723c751e8b465ee728b)
Start importing Assets/Scripts/SetManagement/SetBehaviors/AlembicSetBehavior.cs using Guid(05d1ac8cde03a7549b300103f8a0ca9e) Importer(815301076,1909f56bfc062723c751e8b465ee728b)  -> (artifact id: 'd16a3a9a5fb77a7bdeb91558afc644e6') in 0.017359 seconds
  Import took 0.372504 seconds .

========================================================================
Received Import Request.
  Time since last request: 3.518871 seconds.
  path: Assets/Prefabs/Sets/StageRightSide.prefab
  artifactKey: Guid(fca896c9dc2c78645a44bba29be8eb0d) Importer(815301076,1909f56bfc062723c751e8b465ee728b)
Start importing Assets/Prefabs/Sets/StageRightSide.prefab using Guid(fca896c9dc2c78645a44bba29be8eb0d) Importer(815301076,1909f56bfc062723c751e8b465ee728b)  -> (artifact id: '23bea206d290b3711d9d845c42eb3253') in 12.454932 seconds
  Import took 12.518338 seconds .

========================================================================
Received Prepare
Registering precompiled user dll's ...
Registered in 0.001955 seconds.
Begin MonoManager ReloadAssembly
Native extension for WindowsStandalone target not found
Refreshing native plugins compatible for Editor in 0.65 ms, found 1 plugins.
Preloading 0 native plugins for Editor in 0.00 ms.
Invoked RoslynAnalysisRunner static constructor.
RoslynAnalysisRunner will not be running.
RoslynAnalysisRunner has terminated.
Mono: successfully reloaded assembly
- Completed reload, in  1.007 seconds
Platform modules already initialized, skipping
Shader 'Universal Render Pipeline/Particles/Lit': fallback shader 'Universal Render Pipeline/Particles/SimpleLit' not found
Shader 'Universal Render Pipeline/Particles/Lit': fallback shader 'Universal Render Pipeline/Particles/SimpleLit' not found
Refreshing native plugins compatible for Editor in 0.63 ms, found 1 plugins.
Preloading 0 native plugins for Editor in 0.00 ms.
Unloading 2691 Unused Serialized files (Serialized files now loaded: 0)
System memory in use before: 137.8 MB.
System memory in use after: 135.3 MB.

Unloading 45 unused Assets to reduce memory usage. Loaded Objects now: 3422.
Total: 19.622400 ms (FindLiveObjects: 0.899200 ms CreateObjectMapping: 0.463900 ms MarkObjects: 7.585700 ms  DeleteObjects: 10.667900 ms)

========================================================================
Received Import Request.
  Time since last request: 98.240971 seconds.
  path: Assets/Prefabs/Objects/Pencil.prefab
  artifactKey: Guid(097222bc23c0ce240baa82ab5f4f6c36) Importer(815301076,1909f56bfc062723c751e8b465ee728b)
Start importing Assets/Prefabs/Objects/Pencil.prefab using Guid(097222bc23c0ce240baa82ab5f4f6c36) Importer(815301076,1909f56bfc062723c751e8b465ee728b)  -> (artifact id: '395e08d42791a67ff39957afc629b19b') in 0.280923 seconds
  Import took 0.371137 seconds .

========================================================================
Received Import Request.
  Time since last request: 0.099435 seconds.
  path: Assets/Prefabs/Objects/Pencil.prefab
  artifactKey: Guid(097222bc23c0ce240baa82ab5f4f6c36) Importer(815301076,1909f56bfc062723c751e8b465ee728b)
Start importing Assets/Prefabs/Objects/Pencil.prefab using Guid(097222bc23c0ce240baa82ab5f4f6c36) Importer(815301076,1909f56bfc062723c751e8b465ee728b)  -> (artifact id: '395e08d42791a67ff39957afc629b19b') in 0.038762 seconds
  Import took 0.046614 seconds .

========================================================================
Received Import Request.
  Time since last request: 0.125946 seconds.
  path: Assets/Prefabs/Objects/RopeWithPhysics.prefab
  artifactKey: Guid(bed59851e9ba92643b64482c35c76986) Importer(815301076,1909f56bfc062723c751e8b465ee728b)
Start importing Assets/Prefabs/Objects/RopeWithPhysics.prefab using Guid(bed59851e9ba92643b64482c35c76986) Importer(815301076,1909f56bfc062723c751e8b465ee728b)  -> (artifact id: '2df4cd96ccef4e7c7b3adfe2f0850955') in 0.020190 seconds
  Import took 0.082596 seconds .

========================================================================
Received Import Request.
  Time since last request: 5.087131 seconds.
  path: Assets/Prefabs/Objects/RopeWithPhysics.prefab
  artifactKey: Guid(bed59851e9ba92643b64482c35c76986) Importer(815301076,1909f56bfc062723c751e8b465ee728b)
Start importing Assets/Prefabs/Objects/RopeWithPhysics.prefab using Guid(bed59851e9ba92643b64482c35c76986) Importer(815301076,1909f56bfc062723c751e8b465ee728b)  -> (artifact id: 'bc4f4d5adc83e516b07ec32f17019e29') in 0.014629 seconds
  Import took 0.043315 seconds .

========================================================================
Received Import Request.
  Time since last request: 0.000566 seconds.
  path: Assets/Prefabs/Objects/RopeWithPhysics.prefab
  artifactKey: Guid(bed59851e9ba92643b64482c35c76986) Importer(815301076,1909f56bfc062723c751e8b465ee728b)
Start importing Assets/Prefabs/Objects/RopeWithPhysics.prefab using Guid(bed59851e9ba92643b64482c35c76986) Importer(815301076,1909f56bfc062723c751e8b465ee728b)  -> (artifact id: 'bc4f4d5adc83e516b07ec32f17019e29') in 0.014808 seconds
  Import took 0.019946 seconds .

========================================================================
Received Import Request.
  Time since last request: 316.798157 seconds.
  path: Assets/Scripts/SetManagement/SetBehaviors/AlembicSetBehavior.cs
  artifactKey: Guid(05d1ac8cde03a7549b300103f8a0ca9e) Importer(815301076,1909f56bfc062723c751e8b465ee728b)
Start importing Assets/Scripts/SetManagement/SetBehaviors/AlembicSetBehavior.cs using Guid(05d1ac8cde03a7549b300103f8a0ca9e) Importer(815301076,1909f56bfc062723c751e8b465ee728b)  -> (artifact id: '15be20296f332187dc940684465a3586') in 0.008090 seconds
  Import took 0.041923 seconds .

========================================================================
Received Prepare
Registering precompiled user dll's ...
Registered in 0.002083 seconds.
Begin MonoManager ReloadAssembly
Native extension for WindowsStandalone target not found
Refreshing native plugins compatible for Editor in 0.65 ms, found 1 plugins.
Preloading 0 native plugins for Editor in 0.00 ms.
Invoked RoslynAnalysisRunner static constructor.
RoslynAnalysisRunner will not be running.
RoslynAnalysisRunner has terminated.
Mono: successfully reloaded assembly
- Completed reload, in  1.044 seconds
Platform modules already initialized, skipping
Shader 'Universal Render Pipeline/Particles/Lit': fallback shader 'Universal Render Pipeline/Particles/SimpleLit' not found
Shader 'Universal Render Pipeline/Particles/Lit': fallback shader 'Universal Render Pipeline/Particles/SimpleLit' not found
Refreshing native plugins compatible for Editor in 1.35 ms, found 1 plugins.
Preloading 0 native plugins for Editor in 0.00 ms.
Unloading 2690 Unused Serialized files (Serialized files now loaded: 0)
System memory in use before: 138.0 MB.
System memory in use after: 135.4 MB.

Unloading 46 unused Assets to reduce memory usage. Loaded Objects now: 3460.
Total: 25.680100 ms (FindLiveObjects: 0.675200 ms CreateObjectMapping: 0.377700 ms MarkObjects: 19.992800 ms  DeleteObjects: 4.631300 ms)

========================================================================
Received Prepare
Registering precompiled user dll's ...
Registered in 0.001996 seconds.
Begin MonoManager ReloadAssembly
Native extension for WindowsStandalone target not found
Refreshing native plugins compatible for Editor in 0.90 ms, found 1 plugins.
Preloading 0 native plugins for Editor in 0.00 ms.
Invoked RoslynAnalysisRunner static constructor.
RoslynAnalysisRunner will not be running.
RoslynAnalysisRunner has terminated.
Mono: successfully reloaded assembly
- Completed reload, in  2.085 seconds
Platform modules already initialized, skipping
Shader 'Universal Render Pipeline/Particles/Lit': fallback shader 'Universal Render Pipeline/Particles/SimpleLit' not found
Shader 'Universal Render Pipeline/Particles/Lit': fallback shader 'Universal Render Pipeline/Particles/SimpleLit' not found
Refreshing native plugins compatible for Editor in 0.62 ms, found 1 plugins.
Preloading 0 native plugins for Editor in 0.00 ms.
Unloading 2690 Unused Serialized files (Serialized files now loaded: 0)
System memory in use before: 138.0 MB.
System memory in use after: 135.4 MB.

Unloading 45 unused Assets to reduce memory usage. Loaded Objects now: 3463.
Total: 16.079200 ms (FindLiveObjects: 0.891400 ms CreateObjectMapping: 0.432100 ms MarkObjects: 7.675700 ms  DeleteObjects: 7.075900 ms)

========================================================================
Received Import Request.
  Time since last request: 49.014975 seconds.
  path: Assets/Animations/Objects/Rope/RopeAnimator.controller
  artifactKey: Guid(a8b12e08d800d714e8bb6607ff736943) Importer(815301076,1909f56bfc062723c751e8b465ee728b)
Start importing Assets/Animations/Objects/Rope/RopeAnimator.controller using Guid(a8b12e08d800d714e8bb6607ff736943) Importer(815301076,1909f56bfc062723c751e8b465ee728b)  -> (artifact id: '22d170d4cb1aab4af1d52f0ab33ccb69') in 0.071389 seconds
  Import took 0.118256 seconds .

========================================================================
Received Import Request.
  Time since last request: 0.648127 seconds.
  path: Assets/Animations/Objects/Rope/RopeFalling.anim
  artifactKey: Guid(855847637cf6f2945b63dc721e24d649) Importer(815301076,1909f56bfc062723c751e8b465ee728b)
Start importing Assets/Animations/Objects/Rope/RopeFalling.anim using Guid(855847637cf6f2945b63dc721e24d649) Importer(815301076,1909f56bfc062723c751e8b465ee728b)  -> (artifact id: 'b99c5225149b9264216fba28df16146f') in 0.078530 seconds
  Import took 0.105331 seconds .

========================================================================
Received Import Request.
  Time since last request: 0.371562 seconds.
  path: Assets/Animations/Objects/Rope/RopeFallen.anim
  artifactKey: Guid(f8e94dae3e08fbe4095b9675b6463da1) Importer(815301076,1909f56bfc062723c751e8b465ee728b)
Start importing Assets/Animations/Objects/Rope/RopeFallen.anim using Guid(f8e94dae3e08fbe4095b9675b6463da1) Importer(815301076,1909f56bfc062723c751e8b465ee728b)  -> (artifact id: 'b1232d53110ddf18d3ce7c5376f6938c') in 0.023853 seconds
  Import took 0.062627 seconds .

========================================================================
Received Import Request.
  Time since last request: 0.470866 seconds.
  path: Assets/Animations/Objects/Rope/RopeHanging.anim
  artifactKey: Guid(faa46ad698f96ec419d1f1e375cd461e) Importer(815301076,1909f56bfc062723c751e8b465ee728b)
Start importing Assets/Animations/Objects/Rope/RopeHanging.anim using Guid(faa46ad698f96ec419d1f1e375cd461e) Importer(815301076,1909f56bfc062723c751e8b465ee728b)  -> (artifact id: '06f5286d20b0f5964f9c802b2775b6f9') in 0.011757 seconds
  Import took 0.057823 seconds .

========================================================================
Received Import Request.
  Time since last request: 1902.247351 seconds.
  path: Assets/Prefabs/Objects/RopeWithPhysics.prefab
  artifactKey: Guid(bed59851e9ba92643b64482c35c76986) Importer(815301076,1909f56bfc062723c751e8b465ee728b)
Start importing Assets/Prefabs/Objects/RopeWithPhysics.prefab using Guid(bed59851e9ba92643b64482c35c76986) Importer(815301076,1909f56bfc062723c751e8b465ee728b)  -> (artifact id: '455899a7eb2f6d89314f052e8cdfd83d') in 0.335485 seconds
  Import took 0.395588 seconds .

========================================================================
Received Prepare
Registering precompiled user dll's ...
Registered in 0.001882 seconds.
Begin MonoManager ReloadAssembly
Native extension for WindowsStandalone target not found
Refreshing native plugins compatible for Editor in 0.62 ms, found 1 plugins.
Preloading 0 native plugins for Editor in 0.00 ms.
Invoked RoslynAnalysisRunner static constructor.
RoslynAnalysisRunner will not be running.
RoslynAnalysisRunner has terminated.
Mono: successfully reloaded assembly
- Completed reload, in  0.991 seconds
Platform modules already initialized, skipping
Shader 'Universal Render Pipeline/Particles/Lit': fallback shader 'Universal Render Pipeline/Particles/SimpleLit' not found
Shader 'Universal Render Pipeline/Particles/Lit': fallback shader 'Universal Render Pipeline/Particles/SimpleLit' not found
Refreshing native plugins compatible for Editor in 0.93 ms, found 1 plugins.
Preloading 0 native plugins for Editor in 0.00 ms.
Unloading 2690 Unused Serialized files (Serialized files now loaded: 0)
System memory in use before: 138.0 MB.
System memory in use after: 135.4 MB.

Unloading 45 unused Assets to reduce memory usage. Loaded Objects now: 3466.
Total: 5.432100 ms (FindLiveObjects: 0.401100 ms CreateObjectMapping: 0.165700 ms MarkObjects: 2.438000 ms  DeleteObjects: 2.426000 ms)

========================================================================
Received Prepare
Registering precompiled user dll's ...
Registered in 0.001852 seconds.
Begin MonoManager ReloadAssembly
Native extension for WindowsStandalone target not found
Refreshing native plugins compatible for Editor in 0.61 ms, found 1 plugins.
Preloading 0 native plugins for Editor in 0.00 ms.
Invoked RoslynAnalysisRunner static constructor.
RoslynAnalysisRunner will not be running.
RoslynAnalysisRunner has terminated.
Mono: successfully reloaded assembly
- Completed reload, in  1.187 seconds
Platform modules already initialized, skipping
Shader 'Universal Render Pipeline/Particles/Lit': fallback shader 'Universal Render Pipeline/Particles/SimpleLit' not found
Shader 'Universal Render Pipeline/Particles/Lit': fallback shader 'Universal Render Pipeline/Particles/SimpleLit' not found
Refreshing native plugins compatible for Editor in 1.27 ms, found 1 plugins.
Preloading 0 native plugins for Editor in 0.00 ms.
Unloading 2690 Unused Serialized files (Serialized files now loaded: 0)
System memory in use before: 138.0 MB.
System memory in use after: 135.5 MB.

Unloading 45 unused Assets to reduce memory usage. Loaded Objects now: 3469.
Total: 6.729200 ms (FindLiveObjects: 0.374200 ms CreateObjectMapping: 0.171200 ms MarkObjects: 3.732900 ms  DeleteObjects: 2.449000 ms)

========================================================================
Received Prepare
Shader 'Universal Render Pipeline/Particles/Lit': fallback shader 'Universal Render Pipeline/Particles/SimpleLit' not found
Shader 'Universal Render Pipeline/Particles/Lit': fallback shader 'Universal Render Pipeline/Particles/SimpleLit' not found
Refreshing native plugins compatible for Editor in 5.17 ms, found 1 plugins.
Preloading 0 native plugins for Editor in 0.00 ms.
Unloading 42 Unused Serialized files (Serialized files now loaded: 0)
System memory in use before: 85.7 MB.
System memory in use after: 83.1 MB.

Unloading 42 unused Assets to reduce memory usage. Loaded Objects now: 3469.
Total: 18.016200 ms (FindLiveObjects: 1.022800 ms CreateObjectMapping: 0.474500 ms MarkObjects: 7.990800 ms  DeleteObjects: 8.524500 ms)

========================================================================
Received Import Request.
  Time since last request: 705.835562 seconds.
  path: Assets/Prefabs/Sets/StageRightSide.prefab
  artifactKey: Guid(fca896c9dc2c78645a44bba29be8eb0d) Importer(815301076,1909f56bfc062723c751e8b465ee728b)
Start importing Assets/Prefabs/Sets/StageRightSide.prefab using Guid(fca896c9dc2c78645a44bba29be8eb0d) Importer(815301076,1909f56bfc062723c751e8b465ee728b)  -> (artifact id: '8119bd20c981f5a2bfb6e413ee70727f') in 4.917551 seconds
  Import took 5.029647 seconds .

========================================================================
Received Import Request.
  Time since last request: 50.403885 seconds.
  path: Assets/Prefabs/Objects/RopeWithPhysics.prefab
  artifactKey: Guid(bed59851e9ba92643b64482c35c76986) Importer(815301076,1909f56bfc062723c751e8b465ee728b)
Start importing Assets/Prefabs/Objects/RopeWithPhysics.prefab using Guid(bed59851e9ba92643b64482c35c76986) Importer(815301076,1909f56bfc062723c751e8b465ee728b)  -> (artifact id: '878fbbbf989ac0bdefea5b153d764465') in 0.038535 seconds
  Import took 0.079433 seconds .

========================================================================
Received Prepare
Registering precompiled user dll's ...
Registered in 0.001948 seconds.
Begin MonoManager ReloadAssembly
Native extension for WindowsStandalone target not found
Refreshing native plugins compatible for Editor in 0.61 ms, found 1 plugins.
Preloading 0 native plugins for Editor in 0.00 ms.
Invoked RoslynAnalysisRunner static constructor.
RoslynAnalysisRunner will not be running.
RoslynAnalysisRunner has terminated.
Mono: successfully reloaded assembly
- Completed reload, in  1.411 seconds
Platform modules already initialized, skipping
Shader 'Universal Render Pipeline/Particles/Lit': fallback shader 'Universal Render Pipeline/Particles/SimpleLit' not found
Shader 'Universal Render Pipeline/Particles/Lit': fallback shader 'Universal Render Pipeline/Particles/SimpleLit' not found
Refreshing native plugins compatible for Editor in 2.60 ms, found 1 plugins.
Preloading 0 native plugins for Editor in 0.00 ms.
Unloading 2691 Unused Serialized files (Serialized files now loaded: 0)
System memory in use before: 138.2 MB.
System memory in use after: 135.7 MB.

Unloading 45 unused Assets to reduce memory usage. Loaded Objects now: 3509.
Total: 8.910300 ms (FindLiveObjects: 0.573700 ms CreateObjectMapping: 0.263100 ms MarkObjects: 5.837000 ms  DeleteObjects: 2.228900 ms)

========================================================================
Received Import Request.
  Time since last request: 692.451809 seconds.
  path: Assets/Prefabs/Other/RopeWithPhysics.prefab
  artifactKey: Guid(bed59851e9ba92643b64482c35c76986) Importer(815301076,1909f56bfc062723c751e8b465ee728b)
Start importing Assets/Prefabs/Other/RopeWithPhysics.prefab using Guid(bed59851e9ba92643b64482c35c76986) Importer(815301076,1909f56bfc062723c751e8b465ee728b)  -> (artifact id: 'b2eacc0f91f945c571754dba8bc097d8') in 0.055786 seconds
  Import took 0.101560 seconds .

========================================================================
Received Import Request.
  Time since last request: 3.385208 seconds.
  path: ProjectSettings/TagManager.asset
  artifactKey: Guid(00000000000000003000000000000000) Importer(815301076,1909f56bfc062723c751e8b465ee728b)
Start importing ProjectSettings/TagManager.asset using Guid(00000000000000003000000000000000) Importer(815301076,1909f56bfc062723c751e8b465ee728b)  -> (artifact id: '62d2ef1bba3fe5708fb2ed38ae8d3cd1') in 0.011300 seconds
  Import took 0.071939 seconds .

========================================================================
Received Prepare
Registering precompiled user dll's ...
Registered in 0.001909 seconds.
Begin MonoManager ReloadAssembly
Native extension for WindowsStandalone target not found
Refreshing native plugins compatible for Editor in 0.61 ms, found 1 plugins.
Preloading 0 native plugins for Editor in 0.00 ms.
Invoked RoslynAnalysisRunner static constructor.
RoslynAnalysisRunner will not be running.
RoslynAnalysisRunner has terminated.
Mono: successfully reloaded assembly
- Completed reload, in  1.043 seconds
Platform modules already initialized, skipping
Shader 'Universal Render Pipeline/Particles/Lit': fallback shader 'Universal Render Pipeline/Particles/SimpleLit' not found
Shader 'Universal Render Pipeline/Particles/Lit': fallback shader 'Universal Render Pipeline/Particles/SimpleLit' not found
Refreshing native plugins compatible for Editor in 0.69 ms, found 1 plugins.
Preloading 0 native plugins for Editor in 0.00 ms.
Unloading 2691 Unused Serialized files (Serialized files now loaded: 0)
System memory in use before: 138.3 MB.
System memory in use after: 135.7 MB.

Unloading 46 unused Assets to reduce memory usage. Loaded Objects now: 3512.
Total: 4.661500 ms (FindLiveObjects: 0.372300 ms CreateObjectMapping: 0.131500 ms MarkObjects: 2.082300 ms  DeleteObjects: 2.074400 ms)

========================================================================
Received Import Request.
  Time since last request: 92.500568 seconds.
  path: Assets/Prefabs/Sets/StageRightSide.prefab
  artifactKey: Guid(fca896c9dc2c78645a44bba29be8eb0d) Importer(815301076,1909f56bfc062723c751e8b465ee728b)
Start importing Assets/Prefabs/Sets/StageRightSide.prefab using Guid(fca896c9dc2c78645a44bba29be8eb0d) Importer(815301076,1909f56bfc062723c751e8b465ee728b)  -> (artifact id: '7401cb5ad3bee124a8c09821c062b443') in 0.796232 seconds
  Import took 0.828579 seconds .

========================================================================
Received Prepare
Registering precompiled user dll's ...
Registered in 0.002285 seconds.
Begin MonoManager ReloadAssembly
Native extension for WindowsStandalone target not found
Refreshing native plugins compatible for Editor in 0.60 ms, found 1 plugins.
Preloading 0 native plugins for Editor in 0.00 ms.
Invoked RoslynAnalysisRunner static constructor.
RoslynAnalysisRunner will not be running.
RoslynAnalysisRunner has terminated.
Mono: successfully reloaded assembly
- Completed reload, in  1.013 seconds
Platform modules already initialized, skipping
Shader 'Universal Render Pipeline/Particles/Lit': fallback shader 'Universal Render Pipeline/Particles/SimpleLit' not found
Shader 'Universal Render Pipeline/Particles/Lit': fallback shader 'Universal Render Pipeline/Particles/SimpleLit' not found
Refreshing native plugins compatible for Editor in 0.92 ms, found 1 plugins.
Preloading 0 native plugins for Editor in 0.00 ms.
Unloading 2691 Unused Serialized files (Serialized files now loaded: 0)
System memory in use before: 138.5 MB.
System memory in use after: 135.9 MB.

Unloading 45 unused Assets to reduce memory usage. Loaded Objects now: 3551.
Total: 4.412300 ms (FindLiveObjects: 0.322600 ms CreateObjectMapping: 0.132900 ms MarkObjects: 2.092500 ms  DeleteObjects: 1.862900 ms)

========================================================================
Received Import Request.
  Time since last request: 760.730371 seconds.
  path: Assets/Prefabs/Sets/StageRightSide.prefab
  artifactKey: Guid(fca896c9dc2c78645a44bba29be8eb0d) Importer(815301076,1909f56bfc062723c751e8b465ee728b)
Start importing Assets/Prefabs/Sets/StageRightSide.prefab using Guid(fca896c9dc2c78645a44bba29be8eb0d) Importer(815301076,1909f56bfc062723c751e8b465ee728b)  -> (artifact id: '4b0cf7c112794442018f41e31b8b6588') in 0.592209 seconds
  Import took 0.659689 seconds .

========================================================================
Received Prepare
Registering precompiled user dll's ...
Registered in 0.002145 seconds.
Begin MonoManager ReloadAssembly
Native extension for WindowsStandalone target not found
Refreshing native plugins compatible for Editor in 0.66 ms, found 1 plugins.
Preloading 0 native plugins for Editor in 0.00 ms.
Invoked RoslynAnalysisRunner static constructor.
RoslynAnalysisRunner will not be running.
RoslynAnalysisRunner has terminated.
Mono: successfully reloaded assembly
- Completed reload, in  1.196 seconds
Platform modules already initialized, skipping
Shader 'Universal Render Pipeline/Particles/Lit': fallback shader 'Universal Render Pipeline/Particles/SimpleLit' not found
Shader 'Universal Render Pipeline/Particles/Lit': fallback shader 'Universal Render Pipeline/Particles/SimpleLit' not found
Refreshing native plugins compatible for Editor in 0.69 ms, found 1 plugins.
Preloading 0 native plugins for Editor in 0.00 ms.
Unloading 2691 Unused Serialized files (Serialized files now loaded: 0)
System memory in use before: 138.6 MB.
System memory in use after: 136.0 MB.

Unloading 45 unused Assets to reduce memory usage. Loaded Objects now: 3590.
Total: 5.098500 ms (FindLiveObjects: 0.310400 ms CreateObjectMapping: 0.130200 ms MarkObjects: 2.421700 ms  DeleteObjects: 2.235000 ms)

========================================================================
Received Prepare
Registering precompiled user dll's ...
Registered in 0.001907 seconds.
Begin MonoManager ReloadAssembly
Native extension for WindowsStandalone target not found
Refreshing native plugins compatible for Editor in 0.63 ms, found 1 plugins.
Preloading 0 native plugins for Editor in 0.00 ms.
Invoked RoslynAnalysisRunner static constructor.
RoslynAnalysisRunner will not be running.
RoslynAnalysisRunner has terminated.
Mono: successfully reloaded assembly
- Completed reload, in  1.031 seconds
Platform modules already initialized, skipping
Shader 'Universal Render Pipeline/Particles/Lit': fallback shader 'Universal Render Pipeline/Particles/SimpleLit' not found
Shader 'Universal Render Pipeline/Particles/Lit': fallback shader 'Universal Render Pipeline/Particles/SimpleLit' not found
Refreshing native plugins compatible for Editor in 0.63 ms, found 1 plugins.
Preloading 0 native plugins for Editor in 0.00 ms.
Unloading 2691 Unused Serialized files (Serialized files now loaded: 0)
System memory in use before: 138.6 MB.
System memory in use after: 136.0 MB.

Unloading 45 unused Assets to reduce memory usage. Loaded Objects now: 3593.
Total: 4.757800 ms (FindLiveObjects: 0.358500 ms CreateObjectMapping: 0.149300 ms MarkObjects: 2.182800 ms  DeleteObjects: 2.065700 ms)

========================================================================
Received Prepare
Registering precompiled user dll's ...
Registered in 0.002290 seconds.
Begin MonoManager ReloadAssembly
Native extension for WindowsStandalone target not found
Refreshing native plugins compatible for Editor in 0.61 ms, found 1 plugins.
Preloading 0 native plugins for Editor in 0.00 ms.
Invoked RoslynAnalysisRunner static constructor.
RoslynAnalysisRunner will not be running.
RoslynAnalysisRunner has terminated.
Mono: successfully reloaded assembly
- Completed reload, in  0.999 seconds
Platform modules already initialized, skipping
Shader 'Universal Render Pipeline/Particles/Lit': fallback shader 'Universal Render Pipeline/Particles/SimpleLit' not found
Shader 'Universal Render Pipeline/Particles/Lit': fallback shader 'Universal Render Pipeline/Particles/SimpleLit' not found
Refreshing native plugins compatible for Editor in 0.63 ms, found 1 plugins.
Preloading 0 native plugins for Editor in 0.00 ms.
Unloading 2691 Unused Serialized files (Serialized files now loaded: 0)
System memory in use before: 138.6 MB.
System memory in use after: 136.1 MB.

Unloading 45 unused Assets to reduce memory usage. Loaded Objects now: 3596.
Total: 5.592600 ms (FindLiveObjects: 0.401600 ms CreateObjectMapping: 0.179900 ms MarkObjects: 2.797900 ms  DeleteObjects: 2.211900 ms)

========================================================================
Received Prepare
Registering precompiled user dll's ...
Registered in 0.001901 seconds.
Begin MonoManager ReloadAssembly
Native extension for WindowsStandalone target not found
Refreshing native plugins compatible for Editor in 0.65 ms, found 1 plugins.
Preloading 0 native plugins for Editor in 0.00 ms.
Invoked RoslynAnalysisRunner static constructor.
RoslynAnalysisRunner will not be running.
RoslynAnalysisRunner has terminated.
Mono: successfully reloaded assembly
- Completed reload, in  1.072 seconds
Platform modules already initialized, skipping
Shader 'Universal Render Pipeline/Particles/Lit': fallback shader 'Universal Render Pipeline/Particles/SimpleLit' not found
Shader 'Universal Render Pipeline/Particles/Lit': fallback shader 'Universal Render Pipeline/Particles/SimpleLit' not found
Refreshing native plugins compatible for Editor in 0.65 ms, found 1 plugins.
Preloading 0 native plugins for Editor in 0.00 ms.
Unloading 2691 Unused Serialized files (Serialized files now loaded: 0)
System memory in use before: 138.6 MB.
System memory in use after: 136.1 MB.

Unloading 45 unused Assets to reduce memory usage. Loaded Objects now: 3599.
Total: 4.293900 ms (FindLiveObjects: 0.324400 ms CreateObjectMapping: 0.132900 ms MarkObjects: 1.979700 ms  DeleteObjects: 1.856000 ms)

========================================================================
Received Prepare
Registering precompiled user dll's ...
Registered in 0.002447 seconds.
Begin MonoManager ReloadAssembly
Native extension for WindowsStandalone target not found
Refreshing native plugins compatible for Editor in 0.64 ms, found 1 plugins.
Preloading 0 native plugins for Editor in 0.00 ms.
Invoked RoslynAnalysisRunner static constructor.
RoslynAnalysisRunner will not be running.
RoslynAnalysisRunner has terminated.
Mono: successfully reloaded assembly
- Completed reload, in  1.019 seconds
Platform modules already initialized, skipping
Shader 'Universal Render Pipeline/Particles/Lit': fallback shader 'Universal Render Pipeline/Particles/SimpleLit' not found
Shader 'Universal Render Pipeline/Particles/Lit': fallback shader 'Universal Render Pipeline/Particles/SimpleLit' not found
Refreshing native plugins compatible for Editor in 0.62 ms, found 1 plugins.
Preloading 0 native plugins for Editor in 0.00 ms.
Unloading 2691 Unused Serialized files (Serialized files now loaded: 0)
System memory in use before: 138.6 MB.
System memory in use after: 136.1 MB.

Unloading 45 unused Assets to reduce memory usage. Loaded Objects now: 3602.
Total: 16.289200 ms (FindLiveObjects: 0.885400 ms CreateObjectMapping: 0.470800 ms MarkObjects: 7.548000 ms  DeleteObjects: 7.380400 ms)

========================================================================
Received Prepare
Registering precompiled user dll's ...
Registered in 0.001898 seconds.
Begin MonoManager ReloadAssembly
Native extension for WindowsStandalone target not found
Refreshing native plugins compatible for Editor in 0.61 ms, found 1 plugins.
Preloading 0 native plugins for Editor in 0.00 ms.
Invoked RoslynAnalysisRunner static constructor.
RoslynAnalysisRunner will not be running.
RoslynAnalysisRunner has terminated.
Mono: successfully reloaded assembly
- Completed reload, in  1.027 seconds
Platform modules already initialized, skipping
Shader 'Universal Render Pipeline/Particles/Lit': fallback shader 'Universal Render Pipeline/Particles/SimpleLit' not found
Shader 'Universal Render Pipeline/Particles/Lit': fallback shader 'Universal Render Pipeline/Particles/SimpleLit' not found
Refreshing native plugins compatible for Editor in 0.61 ms, found 1 plugins.
Preloading 0 native plugins for Editor in 0.00 ms.
Unloading 2691 Unused Serialized files (Serialized files now loaded: 0)
System memory in use before: 138.6 MB.
System memory in use after: 136.1 MB.

Unloading 45 unused Assets to reduce memory usage. Loaded Objects now: 3605.
Total: 20.035300 ms (FindLiveObjects: 0.957800 ms CreateObjectMapping: 0.464900 ms MarkObjects: 8.466400 ms  DeleteObjects: 10.141500 ms)

========================================================================
Received Import Request.
  Time since last request: 643.697940 seconds.
  path: ProjectSettings/TagManager.asset
  artifactKey: Guid(00000000000000003000000000000000) Importer(815301076,1909f56bfc062723c751e8b465ee728b)
Start importing ProjectSettings/TagManager.asset using Guid(00000000000000003000000000000000) Importer(815301076,1909f56bfc062723c751e8b465ee728b)  -> (artifact id: 'ffd400ec2cf1a0fba23c6e3f2773bc3b') in 0.017867 seconds
  Import took 0.047072 seconds .

========================================================================
Received Import Request.
  Time since last request: 49.478901 seconds.
  path: Assets/Prefabs/Sets/StageRightSide.prefab
  artifactKey: Guid(fca896c9dc2c78645a44bba29be8eb0d) Importer(815301076,1909f56bfc062723c751e8b465ee728b)
Start importing Assets/Prefabs/Sets/StageRightSide.prefab using Guid(fca896c9dc2c78645a44bba29be8eb0d) Importer(815301076,1909f56bfc062723c751e8b465ee728b)  -> (artifact id: 'd42892adf8277792d712617d1621a8c1') in 0.606980 seconds
  Import took 0.672712 seconds .

========================================================================
Received Import Request.
  Time since last request: 5.338545 seconds.
  path: Assets/Prefabs/Sets/StageRightSide.prefab
  artifactKey: Guid(fca896c9dc2c78645a44bba29be8eb0d) Importer(815301076,1909f56bfc062723c751e8b465ee728b)
Start importing Assets/Prefabs/Sets/StageRightSide.prefab using Guid(fca896c9dc2c78645a44bba29be8eb0d) Importer(815301076,1909f56bfc062723c751e8b465ee728b)  -> (artifact id: '1878bcecc3827676fa2ff289a95226c8') in 0.359632 seconds
  Import took 0.417095 seconds .

========================================================================
Received Prepare
Registering precompiled user dll's ...
Registered in 0.001996 seconds.
Begin MonoManager ReloadAssembly
Native extension for WindowsStandalone target not found
Refreshing native plugins compatible for Editor in 0.62 ms, found 1 plugins.
Preloading 0 native plugins for Editor in 0.00 ms.
Invoked RoslynAnalysisRunner static constructor.
RoslynAnalysisRunner will not be running.
RoslynAnalysisRunner has terminated.
Mono: successfully reloaded assembly
- Completed reload, in  1.071 seconds
Platform modules already initialized, skipping
Shader 'Universal Render Pipeline/Particles/Lit': fallback shader 'Universal Render Pipeline/Particles/SimpleLit' not found
Shader 'Universal Render Pipeline/Particles/Lit': fallback shader 'Universal Render Pipeline/Particles/SimpleLit' not found
Refreshing native plugins compatible for Editor in 0.64 ms, found 1 plugins.
Preloading 0 native plugins for Editor in 0.00 ms.
Unloading 2691 Unused Serialized files (Serialized files now loaded: 0)
System memory in use before: 138.9 MB.
System memory in use after: 136.4 MB.

Unloading 46 unused Assets to reduce memory usage. Loaded Objects now: 3644.
Total: 4.716900 ms (FindLiveObjects: 0.341000 ms CreateObjectMapping: 0.140700 ms MarkObjects: 2.139200 ms  DeleteObjects: 2.094900 ms)

========================================================================
Received Import Request.
  Time since last request: 388.374824 seconds.
  path: Assets/Animations/Objects/Rope/RopeFalling.anim
  artifactKey: Guid(855847637cf6f2945b63dc721e24d649) Importer(815301076,1909f56bfc062723c751e8b465ee728b)
Start importing Assets/Animations/Objects/Rope/RopeFalling.anim using Guid(855847637cf6f2945b63dc721e24d649) Importer(815301076,1909f56bfc062723c751e8b465ee728b)  -> (artifact id: '738b3ba5ae85fe8f2d6f160929d57da8') in 0.042710 seconds
  Import took 0.068755 seconds .

========================================================================
Received Prepare
Registering precompiled user dll's ...
Registered in 0.012012 seconds.
Begin MonoManager ReloadAssembly
Native extension for WindowsStandalone target not found
Refreshing native plugins compatible for Editor in 0.62 ms, found 1 plugins.
Preloading 0 native plugins for Editor in 0.00 ms.
Invoked RoslynAnalysisRunner static constructor.
RoslynAnalysisRunner will not be running.
RoslynAnalysisRunner has terminated.
Mono: successfully reloaded assembly
- Completed reload, in  1.039 seconds
Platform modules already initialized, skipping
Shader 'Universal Render Pipeline/Particles/Lit': fallback shader 'Universal Render Pipeline/Particles/SimpleLit' not found
Shader 'Universal Render Pipeline/Particles/Lit': fallback shader 'Universal Render Pipeline/Particles/SimpleLit' not found
Refreshing native plugins compatible for Editor in 0.83 ms, found 1 plugins.
Preloading 0 native plugins for Editor in 0.00 ms.
Unloading 2691 Unused Serialized files (Serialized files now loaded: 0)
System memory in use before: 138.9 MB.
System memory in use after: 136.4 MB.

Unloading 45 unused Assets to reduce memory usage. Loaded Objects now: 3647.
Total: 4.802300 ms (FindLiveObjects: 0.363700 ms CreateObjectMapping: 0.158800 ms MarkObjects: 2.274900 ms  DeleteObjects: 2.003000 ms)

========================================================================
Received Import Request.
  Time since last request: 27.204066 seconds.
  path: Assets/Animations/Objects/Rope/RopeAnimator.controller
  artifactKey: Guid(a8b12e08d800d714e8bb6607ff736943) Importer(815301076,1909f56bfc062723c751e8b465ee728b)
Start importing Assets/Animations/Objects/Rope/RopeAnimator.controller using Guid(a8b12e08d800d714e8bb6607ff736943) Importer(815301076,1909f56bfc062723c751e8b465ee728b)  -> (artifact id: '64c6e639f3bf234daa9bb39e89d3d42f') in 0.058015 seconds
  Import took 0.086699 seconds .

========================================================================
Received Prepare
Registering precompiled user dll's ...
Registered in 0.001977 seconds.
Begin MonoManager ReloadAssembly
Native extension for WindowsStandalone target not found
Refreshing native plugins compatible for Editor in 0.89 ms, found 1 plugins.
Preloading 0 native plugins for Editor in 0.00 ms.
Invoked RoslynAnalysisRunner static constructor.
RoslynAnalysisRunner will not be running.
RoslynAnalysisRunner has terminated.
Mono: successfully reloaded assembly
- Completed reload, in  1.226 seconds
Platform modules already initialized, skipping
Shader 'Universal Render Pipeline/Particles/Lit': fallback shader 'Universal Render Pipeline/Particles/SimpleLit' not found
Shader 'Universal Render Pipeline/Particles/Lit': fallback shader 'Universal Render Pipeline/Particles/SimpleLit' not found
Refreshing native plugins compatible for Editor in 0.64 ms, found 1 plugins.
Preloading 0 native plugins for Editor in 0.00 ms.
Unloading 2692 Unused Serialized files (Serialized files now loaded: 0)
System memory in use before: 138.9 MB.
System memory in use after: 136.4 MB.

Unloading 45 unused Assets to reduce memory usage. Loaded Objects now: 3651.
Total: 11.820300 ms (FindLiveObjects: 0.818400 ms CreateObjectMapping: 0.406600 ms MarkObjects: 5.902300 ms  DeleteObjects: 4.689400 ms)

========================================================================
Received Import Request.
  Time since last request: 30.356478 seconds.
  path: Assets/Scripts/Others/AlembicAnimatorListener.cs
  artifactKey: Guid(120bbefd9bbe54c4ba482367df57df32) Importer(815301076,1909f56bfc062723c751e8b465ee728b)
Start importing Assets/Scripts/Others/AlembicAnimatorListener.cs using Guid(120bbefd9bbe54c4ba482367df57df32) Importer(815301076,1909f56bfc062723c751e8b465ee728b)  -> (artifact id: '1800597328ebbff931e42d53a87ceefb') in 0.016023 seconds
  Import took 0.058211 seconds .

========================================================================
Received Prepare
Registering precompiled user dll's ...
Registered in 0.003095 seconds.
Begin MonoManager ReloadAssembly
Native extension for WindowsStandalone target not found
Refreshing native plugins compatible for Editor in 0.68 ms, found 1 plugins.
Preloading 0 native plugins for Editor in 0.00 ms.
Invoked RoslynAnalysisRunner static constructor.
RoslynAnalysisRunner will not be running.
RoslynAnalysisRunner has terminated.
Mono: successfully reloaded assembly
- Completed reload, in  1.221 seconds
Platform modules already initialized, skipping
Shader 'Universal Render Pipeline/Particles/Lit': fallback shader 'Universal Render Pipeline/Particles/SimpleLit' not found
Shader 'Universal Render Pipeline/Particles/Lit': fallback shader 'Universal Render Pipeline/Particles/SimpleLit' not found
Refreshing native plugins compatible for Editor in 0.63 ms, found 1 plugins.
Preloading 0 native plugins for Editor in 0.00 ms.
Unloading 2692 Unused Serialized files (Serialized files now loaded: 0)
System memory in use before: 139.0 MB.
System memory in use after: 136.4 MB.

Unloading 45 unused Assets to reduce memory usage. Loaded Objects now: 3654.
Total: 16.275800 ms (FindLiveObjects: 1.417500 ms CreateObjectMapping: 0.593300 ms MarkObjects: 7.380200 ms  DeleteObjects: 6.881300 ms)

========================================================================
Received Import Request.
  Time since last request: 204.306057 seconds.
  path: Assets/Scripts/Others/AlembicAnimatorListener.cs
  artifactKey: Guid(120bbefd9bbe54c4ba482367df57df32) Importer(815301076,1909f56bfc062723c751e8b465ee728b)
Start importing Assets/Scripts/Others/AlembicAnimatorListener.cs using Guid(120bbefd9bbe54c4ba482367df57df32) Importer(815301076,1909f56bfc062723c751e8b465ee728b)  -> (artifact id: '8cbfe84f952da0a4b4fa9c2996cf739d') in 0.021266 seconds
  Import took 0.070921 seconds .

========================================================================
Received Prepare
Registering precompiled user dll's ...
Registered in 0.001969 seconds.
Begin MonoManager ReloadAssembly
Native extension for WindowsStandalone target not found
Refreshing native plugins compatible for Editor in 0.67 ms, found 1 plugins.
Preloading 0 native plugins for Editor in 0.00 ms.
Invoked RoslynAnalysisRunner static constructor.
RoslynAnalysisRunner will not be running.
RoslynAnalysisRunner has terminated.
Mono: successfully reloaded assembly
- Completed reload, in  0.979 seconds
Platform modules already initialized, skipping
Shader 'Universal Render Pipeline/Particles/Lit': fallback shader 'Universal Render Pipeline/Particles/SimpleLit' not found
Shader 'Universal Render Pipeline/Particles/Lit': fallback shader 'Universal Render Pipeline/Particles/SimpleLit' not found
Refreshing native plugins compatible for Editor in 0.62 ms, found 1 plugins.
Preloading 0 native plugins for Editor in 0.00 ms.
Unloading 2692 Unused Serialized files (Serialized files now loaded: 0)
System memory in use before: 139.0 MB.
System memory in use after: 136.4 MB.

Unloading 45 unused Assets to reduce memory usage. Loaded Objects now: 3657.
Total: 16.092700 ms (FindLiveObjects: 0.881800 ms CreateObjectMapping: 0.463300 ms MarkObjects: 7.767800 ms  DeleteObjects: 6.975800 ms)

========================================================================
Received Prepare
Registering precompiled user dll's ...
Registered in 0.001884 seconds.
Begin MonoManager ReloadAssembly
Native extension for WindowsStandalone target not found
Refreshing native plugins compatible for Editor in 0.62 ms, found 1 plugins.
Preloading 0 native plugins for Editor in 0.00 ms.
Invoked RoslynAnalysisRunner static constructor.
RoslynAnalysisRunner will not be running.
RoslynAnalysisRunner has terminated.
Mono: successfully reloaded assembly
- Completed reload, in  0.984 seconds
Platform modules already initialized, skipping
Shader 'Universal Render Pipeline/Particles/Lit': fallback shader 'Universal Render Pipeline/Particles/SimpleLit' not found
Shader 'Universal Render Pipeline/Particles/Lit': fallback shader 'Universal Render Pipeline/Particles/SimpleLit' not found
Refreshing native plugins compatible for Editor in 0.65 ms, found 1 plugins.
Preloading 0 native plugins for Editor in 0.00 ms.
Unloading 2692 Unused Serialized files (Serialized files now loaded: 0)
System memory in use before: 138.9 MB.
System memory in use after: 136.4 MB.

Unloading 45 unused Assets to reduce memory usage. Loaded Objects now: 3660.
Total: 14.558900 ms (FindLiveObjects: 0.941900 ms CreateObjectMapping: 0.462300 ms MarkObjects: 8.391100 ms  DeleteObjects: 4.760300 ms)

========================================================================
Received Import Request.
  Time since last request: 55.305250 seconds.
  path: Assets/Prefabs/Sets/StageRightSide.prefab
  artifactKey: Guid(fca896c9dc2c78645a44bba29be8eb0d) Importer(815301076,1909f56bfc062723c751e8b465ee728b)
Start importing Assets/Prefabs/Sets/StageRightSide.prefab using Guid(fca896c9dc2c78645a44bba29be8eb0d) Importer(815301076,1909f56bfc062723c751e8b465ee728b)  -> (artifact id: '2b9a35bb0add845ce8cc4ae433935a32') in 0.635242 seconds
  Import took 0.683201 seconds .

========================================================================
Received Prepare
Registering precompiled user dll's ...
Registered in 0.001961 seconds.
Begin MonoManager ReloadAssembly
Native extension for WindowsStandalone target not found
Refreshing native plugins compatible for Editor in 0.62 ms, found 1 plugins.
Preloading 0 native plugins for Editor in 0.00 ms.
Invoked RoslynAnalysisRunner static constructor.
RoslynAnalysisRunner will not be running.
RoslynAnalysisRunner has terminated.
Mono: successfully reloaded assembly
- Completed reload, in  0.982 seconds
Platform modules already initialized, skipping
Shader 'Universal Render Pipeline/Particles/Lit': fallback shader 'Universal Render Pipeline/Particles/SimpleLit' not found
Shader 'Universal Render Pipeline/Particles/Lit': fallback shader 'Universal Render Pipeline/Particles/SimpleLit' not found
Refreshing native plugins compatible for Editor in 0.66 ms, found 1 plugins.
Preloading 0 native plugins for Editor in 0.00 ms.
Unloading 2692 Unused Serialized files (Serialized files now loaded: 0)
System memory in use before: 139.2 MB.
System memory in use after: 136.7 MB.

Unloading 45 unused Assets to reduce memory usage. Loaded Objects now: 3699.
Total: 19.706600 ms (FindLiveObjects: 1.424700 ms CreateObjectMapping: 0.547200 ms MarkObjects: 10.115600 ms  DeleteObjects: 7.614900 ms)

========================================================================
Received Prepare
Shader 'Universal Render Pipeline/Particles/Lit': fallback shader 'Universal Render Pipeline/Particles/SimpleLit' not found
Shader 'Universal Render Pipeline/Particles/Lit': fallback shader 'Universal Render Pipeline/Particles/SimpleLit' not found
Refreshing native plugins compatible for Editor in 2.35 ms, found 1 plugins.
Preloading 0 native plugins for Editor in 0.00 ms.
Unloading 42 Unused Serialized files (Serialized files now loaded: 0)
System memory in use before: 86.8 MB.
System memory in use after: 84.3 MB.

Unloading 42 unused Assets to reduce memory usage. Loaded Objects now: 3699.
Total: 5.118400 ms (FindLiveObjects: 0.501700 ms CreateObjectMapping: 0.166800 ms MarkObjects: 2.408000 ms  DeleteObjects: 2.036200 ms)

========================================================================
Received Prepare
Registering precompiled user dll's ...
Registered in 0.002288 seconds.
Begin MonoManager ReloadAssembly
Native extension for WindowsStandalone target not found
Refreshing native plugins compatible for Editor in 0.70 ms, found 1 plugins.
Preloading 0 native plugins for Editor in 0.00 ms.
Invoked RoslynAnalysisRunner static constructor.
RoslynAnalysisRunner will not be running.
RoslynAnalysisRunner has terminated.
Mono: successfully reloaded assembly
- Completed reload, in  1.458 seconds
Platform modules already initialized, skipping
Shader 'Universal Render Pipeline/Particles/Lit': fallback shader 'Universal Render Pipeline/Particles/SimpleLit' not found
Shader 'Universal Render Pipeline/Particles/Lit': fallback shader 'Universal Render Pipeline/Particles/SimpleLit' not found
Refreshing native plugins compatible for Editor in 0.64 ms, found 1 plugins.
Preloading 0 native plugins for Editor in 0.00 ms.
Unloading 2692 Unused Serialized files (Serialized files now loaded: 0)
System memory in use before: 139.2 MB.
System memory in use after: 136.6 MB.

Unloading 45 unused Assets to reduce memory usage. Loaded Objects now: 3702.
Total: 16.155900 ms (FindLiveObjects: 0.902800 ms CreateObjectMapping: 0.471100 ms MarkObjects: 7.840800 ms  DeleteObjects: 6.938200 ms)

========================================================================
Received Prepare
Registering precompiled user dll's ...
Registered in 0.001928 seconds.
Begin MonoManager ReloadAssembly
Native extension for WindowsStandalone target not found
Refreshing native plugins compatible for Editor in 0.62 ms, found 1 plugins.
Preloading 0 native plugins for Editor in 0.00 ms.
Invoked RoslynAnalysisRunner static constructor.
RoslynAnalysisRunner will not be running.
RoslynAnalysisRunner has terminated.
Mono: successfully reloaded assembly
- Completed reload, in  1.161 seconds
Platform modules already initialized, skipping
Shader 'Universal Render Pipeline/Particles/Lit': fallback shader 'Universal Render Pipeline/Particles/SimpleLit' not found
Shader 'Universal Render Pipeline/Particles/Lit': fallback shader 'Universal Render Pipeline/Particles/SimpleLit' not found
Refreshing native plugins compatible for Editor in 0.83 ms, found 1 plugins.
Preloading 0 native plugins for Editor in 0.00 ms.
Unloading 2692 Unused Serialized files (Serialized files now loaded: 0)
System memory in use before: 139.2 MB.
System memory in use after: 136.7 MB.

Unloading 45 unused Assets to reduce memory usage. Loaded Objects now: 3705.
Total: 4.486700 ms (FindLiveObjects: 0.335300 ms CreateObjectMapping: 0.139400 ms MarkObjects: 2.075500 ms  DeleteObjects: 1.935600 ms)

========================================================================
Received Prepare
Shader 'Universal Render Pipeline/Particles/Lit': fallback shader 'Universal Render Pipeline/Particles/SimpleLit' not found
Shader 'Universal Render Pipeline/Particles/Lit': fallback shader 'Universal Render Pipeline/Particles/SimpleLit' not found
Refreshing native plugins compatible for Editor in 3.48 ms, found 1 plugins.
Preloading 0 native plugins for Editor in 0.00 ms.
Unloading 42 Unused Serialized files (Serialized files now loaded: 0)
System memory in use before: 86.8 MB.
System memory in use after: 84.3 MB.

Unloading 42 unused Assets to reduce memory usage. Loaded Objects now: 3705.
Total: 5.778000 ms (FindLiveObjects: 0.421300 ms CreateObjectMapping: 0.157500 ms MarkObjects: 2.924100 ms  DeleteObjects: 2.273800 ms)

